Initialize engine version: 5.3.1f1 (cc9cbbcc37b4)
GfxDevice: creating device client; threaded=1
Direct3D:
    Version:  Direct3D 11.0 [level 11.0]
    Renderer: Intel(R) HD Graphics 4000 (ID=0x166)
    Vendor:   Intel
    VRAM:     128 MB
Begin MonoManager ReloadAssembly
Platform assembly: C:\Users\rufhi\Downloads\Mike-Schutermann-The-Attack-of-the-Green-Capsule-master\Mike-Schutermann-The-Attack-of-the-Green-Capsule-master\Main_Data\Managed\UnityEngine.dll (this message is harmless)
Loading C:\Users\rufhi\Downloads\Mike-Schutermann-The-Attack-of-the-Green-Capsule-master\Mike-Schutermann-The-Attack-of-the-Green-Capsule-master\Main_Data\Managed\UnityEngine.dll into Unity Child Domain
Platform assembly: C:\Users\rufhi\Downloads\Mike-Schutermann-The-Attack-of-the-Green-Capsule-master\Mike-Schutermann-The-Attack-of-the-Green-Capsule-master\Main_Data\Managed\Assembly-CSharp.dll (this message is harmless)
Loading C:\Users\rufhi\Downloads\Mike-Schutermann-The-Attack-of-the-Green-Capsule-master\Mike-Schutermann-The-Attack-of-the-Green-Capsule-master\Main_Data\Managed\Assembly-CSharp.dll into Unity Child Domain
Platform assembly: C:\Users\rufhi\Downloads\Mike-Schutermann-The-Attack-of-the-Green-Capsule-master\Mike-Schutermann-The-Attack-of-the-Green-Capsule-master\Main_Data\Managed\UnityEngine.UI.dll (this message is harmless)
Loading C:\Users\rufhi\Downloads\Mike-Schutermann-The-Attack-of-the-Green-Capsule-master\Mike-Schutermann-The-Attack-of-the-Green-Capsule-master\Main_Data\Managed\UnityEngine.UI.dll into Unity Child Domain
Platform assembly: C:\Users\rufhi\Downloads\Mike-Schutermann-The-Attack-of-the-Green-Capsule-master\Mike-Schutermann-The-Attack-of-the-Green-Capsule-master\Main_Data\Managed\UnityEngine.Networking.dll (this message is harmless)
Loading C:\Users\rufhi\Downloads\Mike-Schutermann-The-Attack-of-the-Green-Capsule-master\Mike-Schutermann-The-Attack-of-the-Green-Capsule-master\Main_Data\Managed\UnityEngine.Networking.dll into Unity Child Domain
Platform assembly: C:\Users\rufhi\Downloads\Mike-Schutermann-The-Attack-of-the-Green-Capsule-master\Mike-Schutermann-The-Attack-of-the-Green-Capsule-master\Main_Data\Managed\Pathfinding.Ionic.Zip.Reduced.dll (this message is harmless)
Loading C:\Users\rufhi\Downloads\Mike-Schutermann-The-Attack-of-the-Green-Capsule-master\Mike-Schutermann-The-Attack-of-the-Green-Capsule-master\Main_Data\Managed\Pathfinding.Ionic.Zip.Reduced.dll into Unity Child Domain
Platform assembly: C:\Users\rufhi\Downloads\Mike-Schutermann-The-Attack-of-the-Green-Capsule-master\Mike-Schutermann-The-Attack-of-the-Green-Capsule-master\Main_Data\Managed\Pathfinding.JsonFx.dll (this message is harmless)
Loading C:\Users\rufhi\Downloads\Mike-Schutermann-The-Attack-of-the-Green-Capsule-master\Mike-Schutermann-The-Attack-of-the-Green-Capsule-master\Main_Data\Managed\Pathfinding.JsonFx.dll into Unity Child Domain
- Completed reload, in  0.972 seconds
Platform assembly: C:\Users\rufhi\Downloads\Mike-Schutermann-The-Attack-of-the-Green-Capsule-master\Mike-Schutermann-The-Attack-of-the-Green-Capsule-master\Main_Data\Managed\System.Core.dll (this message is harmless)
Platform assembly: C:\Users\rufhi\Downloads\Mike-Schutermann-The-Attack-of-the-Green-Capsule-master\Mike-Schutermann-The-Attack-of-the-Green-Capsule-master\Main_Data\Managed\System.dll (this message is harmless)
desktop: 1600x900 60Hz; virtual: 1600x900 at 0,0
<RI> Initializing input.
<RI> Input initialized.
<RI> Initialized touch support.
UnloadTime: 0.831748 ms
level requested for:GameT9
 
(Filename: C:/buildslave/unity/build/artifacts/generated/common/runtime/UnityEngineDebugBindings.gen.cpp Line: 37)

Unloading 4 Unused Serialized files (Serialized files now loaded: 0)
UnloadTime: 4.818152 ms
Scanning - Process took 30 ms to complete
 
(Filename: C:/buildslave/unity/build/artifacts/generated/common/runtime/UnityEngineDebugBindings.gen.cpp Line: 37)


Unloading 3 unused Assets to reduce memory usage. Loaded Objects now: 528.
Total: 2.743272 ms (FindLiveObjects: 0.052598 ms CreateObjectMapping: 0.040197 ms MarkObjects: 2.644488 ms  DeleteObjects: 0.005131 ms)

Path Completed : Computation Time 3.50 ms Searched Nodes 88 Path Length 17
Path Number 1
 
(Filename: C:/buildslave/unity/build/artifacts/generated/common/runtime/UnityEngineDebugBindings.gen.cpp Line: 37)

Yay, we got a path back. Did it have an error? False
 
(Filename: C:/buildslave/unity/build/artifacts/generated/common/runtime/UnityEngineDebugBindings.gen.cpp Line: 37)

Setting up 2 worker threads for Enlighten.
  Thread -> id: 2bc8 -> priority: 1 
  Thread -> id: 27bc -> priority: 1 
End Of Path Reached
 
(Filename: C:/buildslave/unity/build/artifacts/generated/common/runtime/UnityEngineDebugBindings.gen.cpp Line: 37)

Path Completed : Computation Time 0.50 ms Searched Nodes 16 Path Length 6
Path Number 2
 
(Filename: C:/buildslave/unity/build/artifacts/generated/common/runtime/UnityEngineDebugBindings.gen.cpp Line: 37)

Yay, we got a path back. Did it have an error? False
 
(Filename: C:/buildslave/unity/build/artifacts/generated/common/runtime/UnityEngineDebugBindings.gen.cpp Line: 37)

End Of Path Reached
 
(Filename: C:/buildslave/unity/build/artifacts/generated/common/runtime/UnityEngineDebugBindings.gen.cpp Line: 37)

Path Completed : Computation Time 0.00 ms Searched Nodes 5 Path Length 5
Path Number 3
 
(Filename: C:/buildslave/unity/build/artifacts/generated/common/runtime/UnityEngineDebugBindings.gen.cpp Line: 37)

Yay, we got a path back. Did it have an error? False
 
(Filename: C:/buildslave/unity/build/artifacts/generated/common/runtime/UnityEngineDebugBindings.gen.cpp Line: 37)

End Of Path Reached
 
(Filename: C:/buildslave/unity/build/artifacts/generated/common/runtime/UnityEngineDebugBindings.gen.cpp Line: 37)

Path Completed : Computation Time 0.00 ms Searched Nodes 4 Path Length 4
Path Number 4
 
(Filename: C:/buildslave/unity/build/artifacts/generated/common/runtime/UnityEngineDebugBindings.gen.cpp Line: 37)

Yay, we got a path back. Did it have an error? False
 
(Filename: C:/buildslave/unity/build/artifacts/generated/common/runtime/UnityEngineDebugBindings.gen.cpp Line: 37)

End Of Path Reached
 
(Filename: C:/buildslave/unity/build/artifacts/generated/common/runtime/UnityEngineDebugBindings.gen.cpp Line: 37)

Path Completed : Computation Time 0.50 ms Searched Nodes 6 Path Length 4
Path Number 5
 
(Filename: C:/buildslave/unity/build/artifacts/generated/common/runtime/UnityEngineDebugBindings.gen.cpp Line: 37)

Yay, we got a path back. Did it have an error? False
 
(Filename: C:/buildslave/unity/build/artifacts/generated/common/runtime/UnityEngineDebugBindings.gen.cpp Line: 37)

End Of Path Reached
 
(Filename: C:/buildslave/unity/build/artifacts/generated/common/runtime/UnityEngineDebugBindings.gen.cpp Line: 37)

Path Completed : Computation Time 0.00 ms Searched Nodes 7 Path Length 4
Path Number 6
 
(Filename: C:/buildslave/unity/build/artifacts/generated/common/runtime/UnityEngineDebugBindings.gen.cpp Line: 37)

Yay, we got a path back. Did it have an error? False
 
(Filename: C:/buildslave/unity/build/artifacts/generated/common/runtime/UnityEngineDebugBindings.gen.cpp Line: 37)

End Of Path Reached
 
(Filename: C:/buildslave/unity/build/artifacts/generated/common/runtime/UnityEngineDebugBindings.gen.cpp Line: 37)

Path Completed : Computation Time 0.00 ms Searched Nodes 6 Path Length 4
Path Number 7
 
(Filename: C:/buildslave/unity/build/artifacts/generated/common/runtime/UnityEngineDebugBindings.gen.cpp Line: 37)

Yay, we got a path back. Did it have an error? False
 
(Filename: C:/buildslave/unity/build/artifacts/generated/common/runtime/UnityEngineDebugBindings.gen.cpp Line: 37)

End Of Path Reached
 
(Filename: C:/buildslave/unity/build/artifacts/generated/common/runtime/UnityEngineDebugBindings.gen.cpp Line: 37)

Path Completed : Computation Time 0.00 ms Searched Nodes 9 Path Length 4
Path Number 8
 
(Filename: C:/buildslave/unity/build/artifacts/generated/common/runtime/UnityEngineDebugBindings.gen.cpp Line: 37)

Yay, we got a path back. Did it have an error? False
 
(Filename: C:/buildslave/unity/build/artifacts/generated/common/runtime/UnityEngineDebugBindings.gen.cpp Line: 37)

End Of Path Reached
 
(Filename: C:/buildslave/unity/build/artifacts/generated/common/runtime/UnityEngineDebugBindings.gen.cpp Line: 37)

Path Completed : Computation Time 0.00 ms Searched Nodes 7 Path Length 4
Path Number 9
 
(Filename: C:/buildslave/unity/build/artifacts/generated/common/runtime/UnityEngineDebugBindings.gen.cpp Line: 37)

Yay, we got a path back. Did it have an error? False
 
(Filename: C:/buildslave/unity/build/artifacts/generated/common/runtime/UnityEngineDebugBindings.gen.cpp Line: 37)

End Of Path Reached
 
(Filename: C:/buildslave/unity/build/artifacts/generated/common/runtime/UnityEngineDebugBindings.gen.cpp Line: 37)

Path Completed : Computation Time 0.00 ms Searched Nodes 7 Path Length 4
Path Number 10
 
(Filename: C:/buildslave/unity/build/artifacts/generated/common/runtime/UnityEngineDebugBindings.gen.cpp Line: 37)

Yay, we got a path back. Did it have an error? False
 
(Filename: C:/buildslave/unity/build/artifacts/generated/common/runtime/UnityEngineDebugBindings.gen.cpp Line: 37)

End Of Path Reached
 
(Filename: C:/buildslave/unity/build/artifacts/generated/common/runtime/UnityEngineDebugBindings.gen.cpp Line: 37)

Path Completed : Computation Time 0.00 ms Searched Nodes 6 Path Length 4
Path Number 11
 
(Filename: C:/buildslave/unity/build/artifacts/generated/common/runtime/UnityEngineDebugBindings.gen.cpp Line: 37)

Yay, we got a path back. Did it have an error? False
 
(Filename: C:/buildslave/unity/build/artifacts/generated/common/runtime/UnityEngineDebugBindings.gen.cpp Line: 37)

End Of Path Reached
 
(Filename: C:/buildslave/unity/build/artifacts/generated/common/runtime/UnityEngineDebugBindings.gen.cpp Line: 37)

Path Completed : Computation Time 0.00 ms Searched Nodes 9 Path Length 4
Path Number 12
 
(Filename: C:/buildslave/unity/build/artifacts/generated/common/runtime/UnityEngineDebugBindings.gen.cpp Line: 37)

Yay, we got a path back. Did it have an error? False
 
(Filename: C:/buildslave/unity/build/artifacts/generated/common/runtime/UnityEngineDebugBindings.gen.cpp Line: 37)

End Of Path Reached
 
(Filename: C:/buildslave/unity/build/artifacts/generated/common/runtime/UnityEngineDebugBindings.gen.cpp Line: 37)

Path Completed : Computation Time 0.00 ms Searched Nodes 3 Path Length 3
Path Number 13
 
(Filename: C:/buildslave/unity/build/artifacts/generated/common/runtime/UnityEngineDebugBindings.gen.cpp Line: 37)

Yay, we got a path back. Did it have an error? False
 
(Filename: C:/buildslave/unity/build/artifacts/generated/common/runtime/UnityEngineDebugBindings.gen.cpp Line: 37)

End Of Path Reached
 
(Filename: C:/buildslave/unity/build/artifacts/generated/common/runtime/UnityEngineDebugBindings.gen.cpp Line: 37)

Path Completed : Computation Time 0.00 ms Searched Nodes 8 Path Length 4
Path Number 14
 
(Filename: C:/buildslave/unity/build/artifacts/generated/common/runtime/UnityEngineDebugBindings.gen.cpp Line: 37)

Yay, we got a path back. Did it have an error? False
 
(Filename: C:/buildslave/unity/build/artifacts/generated/common/runtime/UnityEngineDebugBindings.gen.cpp Line: 37)

End Of Path Reached
 
(Filename: C:/buildslave/unity/build/artifacts/generated/common/runtime/UnityEngineDebugBindings.gen.cpp Line: 37)

Path Completed : Computation Time 0.00 ms Searched Nodes 6 Path Length 4
Path Number 15
 
(Filename: C:/buildslave/unity/build/artifacts/generated/common/runtime/UnityEngineDebugBindings.gen.cpp Line: 37)

Yay, we got a path back. Did it have an error? False
 
(Filename: C:/buildslave/unity/build/artifacts/generated/common/runtime/UnityEngineDebugBindings.gen.cpp Line: 37)

End Of Path Reached
 
(Filename: C:/buildslave/unity/build/artifacts/generated/common/runtime/UnityEngineDebugBindings.gen.cpp Line: 37)

Path Completed : Computation Time 0.00 ms Searched Nodes 4 Path Length 3
Path Number 16
 
(Filename: C:/buildslave/unity/build/artifacts/generated/common/runtime/UnityEngineDebugBindings.gen.cpp Line: 37)

Yay, we got a path back. Did it have an error? False
 
(Filename: C:/buildslave/unity/build/artifacts/generated/common/runtime/UnityEngineDebugBindings.gen.cpp Line: 37)

End Of Path Reached
 
(Filename: C:/buildslave/unity/build/artifacts/generated/common/runtime/UnityEngineDebugBindings.gen.cpp Line: 37)

Path Completed : Computation Time 0.00 ms Searched Nodes 9 Path Length 4
Path Number 17
 
(Filename: C:/buildslave/unity/build/artifacts/generated/common/runtime/UnityEngineDebugBindings.gen.cpp Line: 37)

Yay, we got a path back. Did it have an error? False
 
(Filename: C:/buildslave/unity/build/artifacts/generated/common/runtime/UnityEngineDebugBindings.gen.cpp Line: 37)

End Of Path Reached
 
(Filename: C:/buildslave/unity/build/artifacts/generated/common/runtime/UnityEngineDebugBindings.gen.cpp Line: 37)

Path Completed : Computation Time 0.00 ms Searched Nodes 7 Path Length 4
Path Number 18
 
(Filename: C:/buildslave/unity/build/artifacts/generated/common/runtime/UnityEngineDebugBindings.gen.cpp Line: 37)

Yay, we got a path back. Did it have an error? False
 
(Filename: C:/buildslave/unity/build/artifacts/generated/common/runtime/UnityEngineDebugBindings.gen.cpp Line: 37)

End Of Path Reached
 
(Filename: C:/buildslave/unity/build/artifacts/generated/common/runtime/UnityEngineDebugBindings.gen.cpp Line: 37)

Path Completed : Computation Time 0.00 ms Searched Nodes 6 Path Length 3
Path Number 19
 
(Filename: C:/buildslave/unity/build/artifacts/generated/common/runtime/UnityEngineDebugBindings.gen.cpp Line: 37)

Yay, we got a path back. Did it have an error? False
 
(Filename: C:/buildslave/unity/build/artifacts/generated/common/runtime/UnityEngineDebugBindings.gen.cpp Line: 37)

End Of Path Reached
 
(Filename: C:/buildslave/unity/build/artifacts/generated/common/runtime/UnityEngineDebugBindings.gen.cpp Line: 37)

Path Completed : Computation Time 0.00 ms Searched Nodes 3 Path Length 3
Path Number 20
 
(Filename: C:/buildslave/unity/build/artifacts/generated/common/runtime/UnityEngineDebugBindings.gen.cpp Line: 37)

Yay, we got a path back. Did it have an error? False
 
(Filename: C:/buildslave/unity/build/artifacts/generated/common/runtime/UnityEngineDebugBindings.gen.cpp Line: 37)

End Of Path Reached
 
(Filename: C:/buildslave/unity/build/artifacts/generated/common/runtime/UnityEngineDebugBindings.gen.cpp Line: 37)

Path Completed : Computation Time 0.00 ms Searched Nodes 8 Path Length 4
Path Number 21
 
(Filename: C:/buildslave/unity/build/artifacts/generated/common/runtime/UnityEngineDebugBindings.gen.cpp Line: 37)

Yay, we got a path back. Did it have an error? False
 
(Filename: C:/buildslave/unity/build/artifacts/generated/common/runtime/UnityEngineDebugBindings.gen.cpp Line: 37)

End Of Path Reached
 
(Filename: C:/buildslave/unity/build/artifacts/generated/common/runtime/UnityEngineDebugBindings.gen.cpp Line: 37)

Path Completed : Computation Time 0.00 ms Searched Nodes 7 Path Length 4
Path Number 22
 
(Filename: C:/buildslave/unity/build/artifacts/generated/common/runtime/UnityEngineDebugBindings.gen.cpp Line: 37)

Yay, we got a path back. Did it have an error? False
 
(Filename: C:/buildslave/unity/build/artifacts/generated/common/runtime/UnityEngineDebugBindings.gen.cpp Line: 37)

End Of Path Reached
 
(Filename: C:/buildslave/unity/build/artifacts/generated/common/runtime/UnityEngineDebugBindings.gen.cpp Line: 37)

Path Completed : Computation Time 0.00 ms Searched Nodes 6 Path Length 3
Path Number 23
 
(Filename: C:/buildslave/unity/build/artifacts/generated/common/runtime/UnityEngineDebugBindings.gen.cpp Line: 37)

Yay, we got a path back. Did it have an error? False
 
(Filename: C:/buildslave/unity/build/artifacts/generated/common/runtime/UnityEngineDebugBindings.gen.cpp Line: 37)

End Of Path Reached
 
(Filename: C:/buildslave/unity/build/artifacts/generated/common/runtime/UnityEngineDebugBindings.gen.cpp Line: 37)

Path Completed : Computation Time 0.00 ms Searched Nodes 3 Path Length 3
Path Number 24
 
(Filename: C:/buildslave/unity/build/artifacts/generated/common/runtime/UnityEngineDebugBindings.gen.cpp Line: 37)

Yay, we got a path back. Did it have an error? False
 
(Filename: C:/buildslave/unity/build/artifacts/generated/common/runtime/UnityEngineDebugBindings.gen.cpp Line: 37)

End Of Path Reached
 
(Filename: C:/buildslave/unity/build/artifacts/generated/common/runtime/UnityEngineDebugBindings.gen.cpp Line: 37)

Path Completed : Computation Time 0.00 ms Searched Nodes 9 Path Length 4
Path Number 25
 
(Filename: C:/buildslave/unity/build/artifacts/generated/common/runtime/UnityEngineDebugBindings.gen.cpp Line: 37)

Yay, we got a path back. Did it have an error? False
 
(Filename: C:/buildslave/unity/build/artifacts/generated/common/runtime/UnityEngineDebugBindings.gen.cpp Line: 37)

End Of Path Reached
 
(Filename: C:/buildslave/unity/build/artifacts/generated/common/runtime/UnityEngineDebugBindings.gen.cpp Line: 37)

Path Completed : Computation Time 0.00 ms Searched Nodes 3 Path Length 3
Path Number 26
 
(Filename: C:/buildslave/unity/build/artifacts/generated/common/runtime/UnityEngineDebugBindings.gen.cpp Line: 37)

Yay, we got a path back. Did it have an error? False
 
(Filename: C:/buildslave/unity/build/artifacts/generated/common/runtime/UnityEngineDebugBindings.gen.cpp Line: 37)

End Of Path Reached
 
(Filename: C:/buildslave/unity/build/artifacts/generated/common/runtime/UnityEngineDebugBindings.gen.cpp Line: 37)

Path Completed : Computation Time 0.00 ms Searched Nodes 5 Path Length 3
Path Number 27
 
(Filename: C:/buildslave/unity/build/artifacts/generated/common/runtime/UnityEngineDebugBindings.gen.cpp Line: 37)

Yay, we got a path back. Did it have an error? False
 
(Filename: C:/buildslave/unity/build/artifacts/generated/common/runtime/UnityEngineDebugBindings.gen.cpp Line: 37)

End Of Path Reached
 
(Filename: C:/buildslave/unity/build/artifacts/generated/common/runtime/UnityEngineDebugBindings.gen.cpp Line: 37)

Path Completed : Computation Time 0.00 ms Searched Nodes 3 Path Length 3
Path Number 28
 
(Filename: C:/buildslave/unity/build/artifacts/generated/common/runtime/UnityEngineDebugBindings.gen.cpp Line: 37)

Yay, we got a path back. Did it have an error? False
 
(Filename: C:/buildslave/unity/build/artifacts/generated/common/runtime/UnityEngineDebugBindings.gen.cpp Line: 37)

End Of Path Reached
 
(Filename: C:/buildslave/unity/build/artifacts/generated/common/runtime/UnityEngineDebugBindings.gen.cpp Line: 37)

Path Completed : Computation Time 0.00 ms Searched Nodes 8 Path Length 4
Path Number 29
 
(Filename: C:/buildslave/unity/build/artifacts/generated/common/runtime/UnityEngineDebugBindings.gen.cpp Line: 37)

Yay, we got a path back. Did it have an error? False
 
(Filename: C:/buildslave/unity/build/artifacts/generated/common/runtime/UnityEngineDebugBindings.gen.cpp Line: 37)

End Of Path Reached
 
(Filename: C:/buildslave/unity/build/artifacts/generated/common/runtime/UnityEngineDebugBindings.gen.cpp Line: 37)

Path Completed : Computation Time 0.00 ms Searched Nodes 9 Path Length 4
Path Number 30
 
(Filename: C:/buildslave/unity/build/artifacts/generated/common/runtime/UnityEngineDebugBindings.gen.cpp Line: 37)

Yay, we got a path back. Did it have an error? False
 
(Filename: C:/buildslave/unity/build/artifacts/generated/common/runtime/UnityEngineDebugBindings.gen.cpp Line: 37)

End Of Path Reached
 
(Filename: C:/buildslave/unity/build/artifacts/generated/common/runtime/UnityEngineDebugBindings.gen.cpp Line: 37)

Path Completed : Computation Time 0.00 ms Searched Nodes 3 Path Length 3
Path Number 31
 
(Filename: C:/buildslave/unity/build/artifacts/generated/common/runtime/UnityEngineDebugBindings.gen.cpp Line: 37)

Yay, we got a path back. Did it have an error? False
 
(Filename: C:/buildslave/unity/build/artifacts/generated/common/runtime/UnityEngineDebugBindings.gen.cpp Line: 37)

End Of Path Reached
 
(Filename: C:/buildslave/unity/build/artifacts/generated/common/runtime/UnityEngineDebugBindings.gen.cpp Line: 37)

Path Completed : Computation Time 0.00 ms Searched Nodes 9 Path Length 4
Path Number 32
 
(Filename: C:/buildslave/unity/build/artifacts/generated/common/runtime/UnityEngineDebugBindings.gen.cpp Line: 37)

Yay, we got a path back. Did it have an error? False
 
(Filename: C:/buildslave/unity/build/artifacts/generated/common/runtime/UnityEngineDebugBindings.gen.cpp Line: 37)

End Of Path Reached
 
(Filename: C:/buildslave/unity/build/artifacts/generated/common/runtime/UnityEngineDebugBindings.gen.cpp Line: 37)

Path Completed : Computation Time 0.00 ms Searched Nodes 3 Path Length 3
Path Number 33
 
(Filename: C:/buildslave/unity/build/artifacts/generated/common/runtime/UnityEngineDebugBindings.gen.cpp Line: 37)

Yay, we got a path back. Did it have an error? False
 
(Filename: C:/buildslave/unity/build/artifacts/generated/common/runtime/UnityEngineDebugBindings.gen.cpp Line: 37)

End Of Path Reached
 
(Filename: C:/buildslave/unity/build/artifacts/generated/common/runtime/UnityEngineDebugBindings.gen.cpp Line: 37)

Path Completed : Computation Time 0.00 ms Searched Nodes 3 Path Length 3
Path Number 34
 
(Filename: C:/buildslave/unity/build/artifacts/generated/common/runtime/UnityEngineDebugBindings.gen.cpp Line: 37)

Yay, we got a path back. Did it have an error? False
 
(Filename: C:/buildslave/unity/build/artifacts/generated/common/runtime/UnityEngineDebugBindings.gen.cpp Line: 37)

End Of Path Reached
 
(Filename: C:/buildslave/unity/build/artifacts/generated/common/runtime/UnityEngineDebugBindings.gen.cpp Line: 37)

Path Completed : Computation Time 0.00 ms Searched Nodes 8 Path Length 4
Path Number 35
 
(Filename: C:/buildslave/unity/build/artifacts/generated/common/runtime/UnityEngineDebugBindings.gen.cpp Line: 37)

Yay, we got a path back. Did it have an error? False
 
(Filename: C:/buildslave/unity/build/artifacts/generated/common/runtime/UnityEngineDebugBindings.gen.cpp Line: 37)

End Of Path Reached
 
(Filename: C:/buildslave/unity/build/artifacts/generated/common/runtime/UnityEngineDebugBindings.gen.cpp Line: 37)

Path Completed : Computation Time 0.00 ms Searched Nodes 6 Path Length 4
Path Number 36
 
(Filename: C:/buildslave/unity/build/artifacts/generated/common/runtime/UnityEngineDebugBindings.gen.cpp Line: 37)

Yay, we got a path back. Did it have an error? False
 
(Filename: C:/buildslave/unity/build/artifacts/generated/common/runtime/UnityEngineDebugBindings.gen.cpp Line: 37)

End Of Path Reached
 
(Filename: C:/buildslave/unity/build/artifacts/generated/common/runtime/UnityEngineDebugBindings.gen.cpp Line: 37)

Path Completed : Computation Time 0.00 ms Searched Nodes 4 Path Length 3
Path Number 37
 
(Filename: C:/buildslave/unity/build/artifacts/generated/common/runtime/UnityEngineDebugBindings.gen.cpp Line: 37)

Yay, we got a path back. Did it have an error? False
 
(Filename: C:/buildslave/unity/build/artifacts/generated/common/runtime/UnityEngineDebugBindings.gen.cpp Line: 37)

End Of Path Reached
 
(Filename: C:/buildslave/unity/build/artifacts/generated/common/runtime/UnityEngineDebugBindings.gen.cpp Line: 37)

Path Completed : Computation Time 0.00 ms Searched Nodes 8 Path Length 4
Path Number 38
 
(Filename: C:/buildslave/unity/build/artifacts/generated/common/runtime/UnityEngineDebugBindings.gen.cpp Line: 37)

Yay, we got a path back. Did it have an error? False
 
(Filename: C:/buildslave/unity/build/artifacts/generated/common/runtime/UnityEngineDebugBindings.gen.cpp Line: 37)

End Of Path Reached
 
(Filename: C:/buildslave/unity/build/artifacts/generated/common/runtime/UnityEngineDebugBindings.gen.cpp Line: 37)

Path Completed : Computation Time 0.00 ms Searched Nodes 6 Path Length 4
Path Number 39
 
(Filename: C:/buildslave/unity/build/artifacts/generated/common/runtime/UnityEngineDebugBindings.gen.cpp Line: 37)

Yay, we got a path back. Did it have an error? False
 
(Filename: C:/buildslave/unity/build/artifacts/generated/common/runtime/UnityEngineDebugBindings.gen.cpp Line: 37)

End Of Path Reached
 
(Filename: C:/buildslave/unity/build/artifacts/generated/common/runtime/UnityEngineDebugBindings.gen.cpp Line: 37)

Path Completed : Computation Time 0.00 ms Searched Nodes 6 Path Length 4
Path Number 40
 
(Filename: C:/buildslave/unity/build/artifacts/generated/common/runtime/UnityEngineDebugBindings.gen.cpp Line: 37)

Yay, we got a path back. Did it have an error? False
 
(Filename: C:/buildslave/unity/build/artifacts/generated/common/runtime/UnityEngineDebugBindings.gen.cpp Line: 37)

End Of Path Reached
 
(Filename: C:/buildslave/unity/build/artifacts/generated/common/runtime/UnityEngineDebugBindings.gen.cpp Line: 37)

Path Completed : Computation Time 0.00 ms Searched Nodes 8 Path Length 4
Path Number 41
 
(Filename: C:/buildslave/unity/build/artifacts/generated/common/runtime/UnityEngineDebugBindings.gen.cpp Line: 37)

Yay, we got a path back. Did it have an error? False
 
(Filename: C:/buildslave/unity/build/artifacts/generated/common/runtime/UnityEngineDebugBindings.gen.cpp Line: 37)

End Of Path Reached
 
(Filename: C:/buildslave/unity/build/artifacts/generated/common/runtime/UnityEngineDebugBindings.gen.cpp Line: 37)

Path Completed : Computation Time 0.00 ms Searched Nodes 6 Path Length 4
Path Number 42
 
(Filename: C:/buildslave/unity/build/artifacts/generated/common/runtime/UnityEngineDebugBindings.gen.cpp Line: 37)

Yay, we got a path back. Did it have an error? False
 
(Filename: C:/buildslave/unity/build/artifacts/generated/common/runtime/UnityEngineDebugBindings.gen.cpp Line: 37)

End Of Path Reached
 
(Filename: C:/buildslave/unity/build/artifacts/generated/common/runtime/UnityEngineDebugBindings.gen.cpp Line: 37)

Path Completed : Computation Time 0.00 ms Searched Nodes 4 Path Length 4
Path Number 43
 
(Filename: C:/buildslave/unity/build/artifacts/generated/common/runtime/UnityEngineDebugBindings.gen.cpp Line: 37)

Yay, we got a path back. Did it have an error? False
 
(Filename: C:/buildslave/unity/build/artifacts/generated/common/runtime/UnityEngineDebugBindings.gen.cpp Line: 37)

End Of Path Reached
 
(Filename: C:/buildslave/unity/build/artifacts/generated/common/runtime/UnityEngineDebugBindings.gen.cpp Line: 37)

Path Completed : Computation Time 0.00 ms Searched Nodes 6 Path Length 4
Path Number 44
 
(Filename: C:/buildslave/unity/build/artifacts/generated/common/runtime/UnityEngineDebugBindings.gen.cpp Line: 37)

Yay, we got a path back. Did it have an error? False
 
(Filename: C:/buildslave/unity/build/artifacts/generated/common/runtime/UnityEngineDebugBindings.gen.cpp Line: 37)

End Of Path Reached
 
(Filename: C:/buildslave/unity/build/artifacts/generated/common/runtime/UnityEngineDebugBindings.gen.cpp Line: 37)

Path Completed : Computation Time 0.00 ms Searched Nodes 4 Path Length 4
Path Number 45
 
(Filename: C:/buildslave/unity/build/artifacts/generated/common/runtime/UnityEngineDebugBindings.gen.cpp Line: 37)

Yay, we got a path back. Did it have an error? False
 
(Filename: C:/buildslave/unity/build/artifacts/generated/common/runtime/UnityEngineDebugBindings.gen.cpp Line: 37)

End Of Path Reached
 
(Filename: C:/buildslave/unity/build/artifacts/generated/common/runtime/UnityEngineDebugBindings.gen.cpp Line: 37)

Path Completed : Computation Time 0.00 ms Searched Nodes 4 Path Length 4
Path Number 46
 
(Filename: C:/buildslave/unity/build/artifacts/generated/common/runtime/UnityEngineDebugBindings.gen.cpp Line: 37)

Yay, we got a path back. Did it have an error? False
 
(Filename: C:/buildslave/unity/build/artifacts/generated/common/runtime/UnityEngineDebugBindings.gen.cpp Line: 37)

End Of Path Reached
 
(Filename: C:/buildslave/unity/build/artifacts/generated/common/runtime/UnityEngineDebugBindings.gen.cpp Line: 37)

Path Completed : Computation Time 0.00 ms Searched Nodes 5 Path Length 4
Path Number 47
 
(Filename: C:/buildslave/unity/build/artifacts/generated/common/runtime/UnityEngineDebugBindings.gen.cpp Line: 37)

Yay, we got a path back. Did it have an error? False
 
(Filename: C:/buildslave/unity/build/artifacts/generated/common/runtime/UnityEngineDebugBindings.gen.cpp Line: 37)

End Of Path Reached
 
(Filename: C:/buildslave/unity/build/artifacts/generated/common/runtime/UnityEngineDebugBindings.gen.cpp Line: 37)

Path Completed : Computation Time 0.00 ms Searched Nodes 4 Path Length 4
Path Number 48
 
(Filename: C:/buildslave/unity/build/artifacts/generated/common/runtime/UnityEngineDebugBindings.gen.cpp Line: 37)

Yay, we got a path back. Did it have an error? False
 
(Filename: C:/buildslave/unity/build/artifacts/generated/common/runtime/UnityEngineDebugBindings.gen.cpp Line: 37)

End Of Path Reached
 
(Filename: C:/buildslave/unity/build/artifacts/generated/common/runtime/UnityEngineDebugBindings.gen.cpp Line: 37)

Path Completed : Computation Time 0.00 ms Searched Nodes 11 Path Length 5
Path Number 49
 
(Filename: C:/buildslave/unity/build/artifacts/generated/common/runtime/UnityEngineDebugBindings.gen.cpp Line: 37)

Yay, we got a path back. Did it have an error? False
 
(Filename: C:/buildslave/unity/build/artifacts/generated/common/runtime/UnityEngineDebugBindings.gen.cpp Line: 37)

End Of Path Reached
 
(Filename: C:/buildslave/unity/build/artifacts/generated/common/runtime/UnityEngineDebugBindings.gen.cpp Line: 37)

Path Completed : Computation Time 0.00 ms Searched Nodes 5 Path Length 4
Path Number 50
 
(Filename: C:/buildslave/unity/build/artifacts/generated/common/runtime/UnityEngineDebugBindings.gen.cpp Line: 37)

Yay, we got a path back. Did it have an error? False
 
(Filename: C:/buildslave/unity/build/artifacts/generated/common/runtime/UnityEngineDebugBindings.gen.cpp Line: 37)

End Of Path Reached
 
(Filename: C:/buildslave/unity/build/artifacts/generated/common/runtime/UnityEngineDebugBindings.gen.cpp Line: 37)

Path Completed : Computation Time 0.50 ms Searched Nodes 4 Path Length 4
Path Number 51
 
(Filename: C:/buildslave/unity/build/artifacts/generated/common/runtime/UnityEngineDebugBindings.gen.cpp Line: 37)

Yay, we got a path back. Did it have an error? False
 
(Filename: C:/buildslave/unity/build/artifacts/generated/common/runtime/UnityEngineDebugBindings.gen.cpp Line: 37)

End Of Path Reached
 
(Filename: C:/buildslave/unity/build/artifacts/generated/common/runtime/UnityEngineDebugBindings.gen.cpp Line: 37)

Path Completed : Computation Time 0.50 ms Searched Nodes 7 Path Length 4
Path Number 52
 
(Filename: C:/buildslave/unity/build/artifacts/generated/common/runtime/UnityEngineDebugBindings.gen.cpp Line: 37)

Yay, we got a path back. Did it have an error? False
 
(Filename: C:/buildslave/unity/build/artifacts/generated/common/runtime/UnityEngineDebugBindings.gen.cpp Line: 37)

End Of Path Reached
 
(Filename: C:/buildslave/unity/build/artifacts/generated/common/runtime/UnityEngineDebugBindings.gen.cpp Line: 37)

Path Completed : Computation Time 0.00 ms Searched Nodes 4 Path Length 4
Path Number 53
 
(Filename: C:/buildslave/unity/build/artifacts/generated/common/runtime/UnityEngineDebugBindings.gen.cpp Line: 37)

Yay, we got a path back. Did it have an error? False
 
(Filename: C:/buildslave/unity/build/artifacts/generated/common/runtime/UnityEngineDebugBindings.gen.cpp Line: 37)

End Of Path Reached
 
(Filename: C:/buildslave/unity/build/artifacts/generated/common/runtime/UnityEngineDebugBindings.gen.cpp Line: 37)

Path Completed : Computation Time 0.00 ms Searched Nodes 4 Path Length 4
Path Number 54
 
(Filename: C:/buildslave/unity/build/artifacts/generated/common/runtime/UnityEngineDebugBindings.gen.cpp Line: 37)

Yay, we got a path back. Did it have an error? False
 
(Filename: C:/buildslave/unity/build/artifacts/generated/common/runtime/UnityEngineDebugBindings.gen.cpp Line: 37)

End Of Path Reached
 
(Filename: C:/buildslave/unity/build/artifacts/generated/common/runtime/UnityEngineDebugBindings.gen.cpp Line: 37)

Path Completed : Computation Time 0.00 ms Searched Nodes 6 Path Length 4
Path Number 55
 
(Filename: C:/buildslave/unity/build/artifacts/generated/common/runtime/UnityEngineDebugBindings.gen.cpp Line: 37)

Yay, we got a path back. Did it have an error? False
 
(Filename: C:/buildslave/unity/build/artifacts/generated/common/runtime/UnityEngineDebugBindings.gen.cpp Line: 37)

End Of Path Reached
 
(Filename: C:/buildslave/unity/build/artifacts/generated/common/runtime/UnityEngineDebugBindings.gen.cpp Line: 37)

Path Completed : Computation Time 0.00 ms Searched Nodes 4 Path Length 4
Path Number 56
 
(Filename: C:/buildslave/unity/build/artifacts/generated/common/runtime/UnityEngineDebugBindings.gen.cpp Line: 37)

Yay, we got a path back. Did it have an error? False
 
(Filename: C:/buildslave/unity/build/artifacts/generated/common/runtime/UnityEngineDebugBindings.gen.cpp Line: 37)

End Of Path Reached
 
(Filename: C:/buildslave/unity/build/artifacts/generated/common/runtime/UnityEngineDebugBindings.gen.cpp Line: 37)

Path Completed : Computation Time 0.00 ms Searched Nodes 4 Path Length 4
Path Number 57
 
(Filename: C:/buildslave/unity/build/artifacts/generated/common/runtime/UnityEngineDebugBindings.gen.cpp Line: 37)

Yay, we got a path back. Did it have an error? False
 
(Filename: C:/buildslave/unity/build/artifacts/generated/common/runtime/UnityEngineDebugBindings.gen.cpp Line: 37)

End Of Path Reached
 
(Filename: C:/buildslave/unity/build/artifacts/generated/common/runtime/UnityEngineDebugBindings.gen.cpp Line: 37)

Path Completed : Computation Time 0.00 ms Searched Nodes 6 Path Length 4
Path Number 58
 
(Filename: C:/buildslave/unity/build/artifacts/generated/common/runtime/UnityEngineDebugBindings.gen.cpp Line: 37)

Yay, we got a path back. Did it have an error? False
 
(Filename: C:/buildslave/unity/build/artifacts/generated/common/runtime/UnityEngineDebugBindings.gen.cpp Line: 37)

End Of Path Reached
 
(Filename: C:/buildslave/unity/build/artifacts/generated/common/runtime/UnityEngineDebugBindings.gen.cpp Line: 37)

Path Completed : Computation Time 0.00 ms Searched Nodes 4 Path Length 4
Path Number 59
 
(Filename: C:/buildslave/unity/build/artifacts/generated/common/runtime/UnityEngineDebugBindings.gen.cpp Line: 37)

Yay, we got a path back. Did it have an error? False
 
(Filename: C:/buildslave/unity/build/artifacts/generated/common/runtime/UnityEngineDebugBindings.gen.cpp Line: 37)

End Of Path Reached
 
(Filename: C:/buildslave/unity/build/artifacts/generated/common/runtime/UnityEngineDebugBindings.gen.cpp Line: 37)

Path Completed : Computation Time 0.00 ms Searched Nodes 4 Path Length 4
Path Number 60
 
(Filename: C:/buildslave/unity/build/artifacts/generated/common/runtime/UnityEngineDebugBindings.gen.cpp Line: 37)

Yay, we got a path back. Did it have an error? False
 
(Filename: C:/buildslave/unity/build/artifacts/generated/common/runtime/UnityEngineDebugBindings.gen.cpp Line: 37)

End Of Path Reached
 
(Filename: C:/buildslave/unity/build/artifacts/generated/common/runtime/UnityEngineDebugBindings.gen.cpp Line: 37)

Path Completed : Computation Time 0.00 ms Searched Nodes 6 Path Length 4
Path Number 61
 
(Filename: C:/buildslave/unity/build/artifacts/generated/common/runtime/UnityEngineDebugBindings.gen.cpp Line: 37)

Yay, we got a path back. Did it have an error? False
 
(Filename: C:/buildslave/unity/build/artifacts/generated/common/runtime/UnityEngineDebugBindings.gen.cpp Line: 37)

End Of Path Reached
 
(Filename: C:/buildslave/unity/build/artifacts/generated/common/runtime/UnityEngineDebugBindings.gen.cpp Line: 37)

Path Completed : Computation Time 0.00 ms Searched Nodes 4 Path Length 4
Path Number 62
 
(Filename: C:/buildslave/unity/build/artifacts/generated/common/runtime/UnityEngineDebugBindings.gen.cpp Line: 37)

Yay, we got a path back. Did it have an error? False
 
(Filename: C:/buildslave/unity/build/artifacts/generated/common/runtime/UnityEngineDebugBindings.gen.cpp Line: 37)

End Of Path Reached
 
(Filename: C:/buildslave/unity/build/artifacts/generated/common/runtime/UnityEngineDebugBindings.gen.cpp Line: 37)

Path Completed : Computation Time 0.00 ms Searched Nodes 4 Path Length 4
Path Number 63
 
(Filename: C:/buildslave/unity/build/artifacts/generated/common/runtime/UnityEngineDebugBindings.gen.cpp Line: 37)

Yay, we got a path back. Did it have an error? False
 
(Filename: C:/buildslave/unity/build/artifacts/generated/common/runtime/UnityEngineDebugBindings.gen.cpp Line: 37)

End Of Path Reached
 
(Filename: C:/buildslave/unity/build/artifacts/generated/common/runtime/UnityEngineDebugBindings.gen.cpp Line: 37)

Path Completed : Computation Time 0.00 ms Searched Nodes 6 Path Length 4
Path Number 64
 
(Filename: C:/buildslave/unity/build/artifacts/generated/common/runtime/UnityEngineDebugBindings.gen.cpp Line: 37)

Yay, we got a path back. Did it have an error? False
 
(Filename: C:/buildslave/unity/build/artifacts/generated/common/runtime/UnityEngineDebugBindings.gen.cpp Line: 37)

End Of Path Reached
 
(Filename: C:/buildslave/unity/build/artifacts/generated/common/runtime/UnityEngineDebugBindings.gen.cpp Line: 37)

Path Completed : Computation Time 0.00 ms Searched Nodes 4 Path Length 4
Path Number 65
 
(Filename: C:/buildslave/unity/build/artifacts/generated/common/runtime/UnityEngineDebugBindings.gen.cpp Line: 37)

Yay, we got a path back. Did it have an error? False
 
(Filename: C:/buildslave/unity/build/artifacts/generated/common/runtime/UnityEngineDebugBindings.gen.cpp Line: 37)

End Of Path Reached
 
(Filename: C:/buildslave/unity/build/artifacts/generated/common/runtime/UnityEngineDebugBindings.gen.cpp Line: 37)

Path Completed : Computation Time 0.50 ms Searched Nodes 4 Path Length 4
Path Number 66
 
(Filename: C:/buildslave/unity/build/artifacts/generated/common/runtime/UnityEngineDebugBindings.gen.cpp Line: 37)

Yay, we got a path back. Did it have an error? False
 
(Filename: C:/buildslave/unity/build/artifacts/generated/common/runtime/UnityEngineDebugBindings.gen.cpp Line: 37)

End Of Path Reached
 
(Filename: C:/buildslave/unity/build/artifacts/generated/common/runtime/UnityEngineDebugBindings.gen.cpp Line: 37)

Path Completed : Computation Time 0.00 ms Searched Nodes 5 Path Length 4
Path Number 67
 
(Filename: C:/buildslave/unity/build/artifacts/generated/common/runtime/UnityEngineDebugBindings.gen.cpp Line: 37)

Yay, we got a path back. Did it have an error? False
 
(Filename: C:/buildslave/unity/build/artifacts/generated/common/runtime/UnityEngineDebugBindings.gen.cpp Line: 37)

End Of Path Reached
 
(Filename: C:/buildslave/unity/build/artifacts/generated/common/runtime/UnityEngineDebugBindings.gen.cpp Line: 37)

Path Completed : Computation Time 0.00 ms Searched Nodes 4 Path Length 4
Path Number 68
 
(Filename: C:/buildslave/unity/build/artifacts/generated/common/runtime/UnityEngineDebugBindings.gen.cpp Line: 37)

Yay, we got a path back. Did it have an error? False
 
(Filename: C:/buildslave/unity/build/artifacts/generated/common/runtime/UnityEngineDebugBindings.gen.cpp Line: 37)

End Of Path Reached
 
(Filename: C:/buildslave/unity/build/artifacts/generated/common/runtime/UnityEngineDebugBindings.gen.cpp Line: 37)

Path Completed : Computation Time 0.00 ms Searched Nodes 10 Path Length 5
Path Number 69
 
(Filename: C:/buildslave/unity/build/artifacts/generated/common/runtime/UnityEngineDebugBindings.gen.cpp Line: 37)

Yay, we got a path back. Did it have an error? False
 
(Filename: C:/buildslave/unity/build/artifacts/generated/common/runtime/UnityEngineDebugBindings.gen.cpp Line: 37)

End Of Path Reached
 
(Filename: C:/buildslave/unity/build/artifacts/generated/common/runtime/UnityEngineDebugBindings.gen.cpp Line: 37)

Path Completed : Computation Time 0.00 ms Searched Nodes 4 Path Length 4
Path Number 70
 
(Filename: C:/buildslave/unity/build/artifacts/generated/common/runtime/UnityEngineDebugBindings.gen.cpp Line: 37)

Yay, we got a path back. Did it have an error? False
 
(Filename: C:/buildslave/unity/build/artifacts/generated/common/runtime/UnityEngineDebugBindings.gen.cpp Line: 37)

End Of Path Reached
 
(Filename: C:/buildslave/unity/build/artifacts/generated/common/runtime/UnityEngineDebugBindings.gen.cpp Line: 37)

Path Completed : Computation Time 0.50 ms Searched Nodes 4 Path Length 4
Path Number 71
 
(Filename: C:/buildslave/unity/build/artifacts/generated/common/runtime/UnityEngineDebugBindings.gen.cpp Line: 37)

Yay, we got a path back. Did it have an error? False
 
(Filename: C:/buildslave/unity/build/artifacts/generated/common/runtime/UnityEngineDebugBindings.gen.cpp Line: 37)

End Of Path Reached
 
(Filename: C:/buildslave/unity/build/artifacts/generated/common/runtime/UnityEngineDebugBindings.gen.cpp Line: 37)

Path Completed : Computation Time 0.00 ms Searched Nodes 7 Path Length 4
Path Number 72
 
(Filename: C:/buildslave/unity/build/artifacts/generated/common/runtime/UnityEngineDebugBindings.gen.cpp Line: 37)

Yay, we got a path back. Did it have an error? False
 
(Filename: C:/buildslave/unity/build/artifacts/generated/common/runtime/UnityEngineDebugBindings.gen.cpp Line: 37)

End Of Path Reached
 
(Filename: C:/buildslave/unity/build/artifacts/generated/common/runtime/UnityEngineDebugBindings.gen.cpp Line: 37)

Path Completed : Computation Time 0.00 ms Searched Nodes 4 Path Length 4
Path Number 73
 
(Filename: C:/buildslave/unity/build/artifacts/generated/common/runtime/UnityEngineDebugBindings.gen.cpp Line: 37)

Yay, we got a path back. Did it have an error? False
 
(Filename: C:/buildslave/unity/build/artifacts/generated/common/runtime/UnityEngineDebugBindings.gen.cpp Line: 37)

End Of Path Reached
 
(Filename: C:/buildslave/unity/build/artifacts/generated/common/runtime/UnityEngineDebugBindings.gen.cpp Line: 37)

Path Completed : Computation Time 0.00 ms Searched Nodes 4 Path Length 4
Path Number 74
 
(Filename: C:/buildslave/unity/build/artifacts/generated/common/runtime/UnityEngineDebugBindings.gen.cpp Line: 37)

Yay, we got a path back. Did it have an error? False
 
(Filename: C:/buildslave/unity/build/artifacts/generated/common/runtime/UnityEngineDebugBindings.gen.cpp Line: 37)

End Of Path Reached
 
(Filename: C:/buildslave/unity/build/artifacts/generated/common/runtime/UnityEngineDebugBindings.gen.cpp Line: 37)

Path Completed : Computation Time 0.00 ms Searched Nodes 5 Path Length 4
Path Number 75
 
(Filename: C:/buildslave/unity/build/artifacts/generated/common/runtime/UnityEngineDebugBindings.gen.cpp Line: 37)

Yay, we got a path back. Did it have an error? False
 
(Filename: C:/buildslave/unity/build/artifacts/generated/common/runtime/UnityEngineDebugBindings.gen.cpp Line: 37)

End Of Path Reached
 
(Filename: C:/buildslave/unity/build/artifacts/generated/common/runtime/UnityEngineDebugBindings.gen.cpp Line: 37)

Path Completed : Computation Time 0.00 ms Searched Nodes 4 Path Length 4
Path Number 76
 
(Filename: C:/buildslave/unity/build/artifacts/generated/common/runtime/UnityEngineDebugBindings.gen.cpp Line: 37)

Yay, we got a path back. Did it have an error? False
 
(Filename: C:/buildslave/unity/build/artifacts/generated/common/runtime/UnityEngineDebugBindings.gen.cpp Line: 37)

End Of Path Reached
 
(Filename: C:/buildslave/unity/build/artifacts/generated/common/runtime/UnityEngineDebugBindings.gen.cpp Line: 37)

Path Completed : Computation Time 0.00 ms Searched Nodes 7 Path Length 4
Path Number 77
 
(Filename: C:/buildslave/unity/build/artifacts/generated/common/runtime/UnityEngineDebugBindings.gen.cpp Line: 37)

Yay, we got a path back. Did it have an error? False
 
(Filename: C:/buildslave/unity/build/artifacts/generated/common/runtime/UnityEngineDebugBindings.gen.cpp Line: 37)

End Of Path Reached
 
(Filename: C:/buildslave/unity/build/artifacts/generated/common/runtime/UnityEngineDebugBindings.gen.cpp Line: 37)

Path Completed : Computation Time 0.00 ms Searched Nodes 4 Path Length 4
Path Number 78
 
(Filename: C:/buildslave/unity/build/artifacts/generated/common/runtime/UnityEngineDebugBindings.gen.cpp Line: 37)

Yay, we got a path back. Did it have an error? False
 
(Filename: C:/buildslave/unity/build/artifacts/generated/common/runtime/UnityEngineDebugBindings.gen.cpp Line: 37)

End Of Path Reached
 
(Filename: C:/buildslave/unity/build/artifacts/generated/common/runtime/UnityEngineDebugBindings.gen.cpp Line: 37)

Path Completed : Computation Time 0.00 ms Searched Nodes 4 Path Length 4
Path Number 79
 
(Filename: C:/buildslave/unity/build/artifacts/generated/common/runtime/UnityEngineDebugBindings.gen.cpp Line: 37)

Yay, we got a path back. Did it have an error? False
 
(Filename: C:/buildslave/unity/build/artifacts/generated/common/runtime/UnityEngineDebugBindings.gen.cpp Line: 37)

End Of Path Reached
 
(Filename: C:/buildslave/unity/build/artifacts/generated/common/runtime/UnityEngineDebugBindings.gen.cpp Line: 37)

Path Completed : Computation Time 0.00 ms Searched Nodes 6 Path Length 4
Path Number 80
 
(Filename: C:/buildslave/unity/build/artifacts/generated/common/runtime/UnityEngineDebugBindings.gen.cpp Line: 37)

Yay, we got a path back. Did it have an error? False
 
(Filename: C:/buildslave/unity/build/artifacts/generated/common/runtime/UnityEngineDebugBindings.gen.cpp Line: 37)

End Of Path Reached
 
(Filename: C:/buildslave/unity/build/artifacts/generated/common/runtime/UnityEngineDebugBindings.gen.cpp Line: 37)

Path Completed : Computation Time 0.00 ms Searched Nodes 4 Path Length 4
Path Number 81
 
(Filename: C:/buildslave/unity/build/artifacts/generated/common/runtime/UnityEngineDebugBindings.gen.cpp Line: 37)

Yay, we got a path back. Did it have an error? False
 
(Filename: C:/buildslave/unity/build/artifacts/generated/common/runtime/UnityEngineDebugBindings.gen.cpp Line: 37)

End Of Path Reached
 
(Filename: C:/buildslave/unity/build/artifacts/generated/common/runtime/UnityEngineDebugBindings.gen.cpp Line: 37)

Path Completed : Computation Time 0.00 ms Searched Nodes 4 Path Length 4
Path Number 82
 
(Filename: C:/buildslave/unity/build/artifacts/generated/common/runtime/UnityEngineDebugBindings.gen.cpp Line: 37)

Yay, we got a path back. Did it have an error? False
 
(Filename: C:/buildslave/unity/build/artifacts/generated/common/runtime/UnityEngineDebugBindings.gen.cpp Line: 37)

End Of Path Reached
 
(Filename: C:/buildslave/unity/build/artifacts/generated/common/runtime/UnityEngineDebugBindings.gen.cpp Line: 37)

Path Completed : Computation Time 0.00 ms Searched Nodes 5 Path Length 4
Path Number 83
 
(Filename: C:/buildslave/unity/build/artifacts/generated/common/runtime/UnityEngineDebugBindings.gen.cpp Line: 37)

Yay, we got a path back. Did it have an error? False
 
(Filename: C:/buildslave/unity/build/artifacts/generated/common/runtime/UnityEngineDebugBindings.gen.cpp Line: 37)

End Of Path Reached
 
(Filename: C:/buildslave/unity/build/artifacts/generated/common/runtime/UnityEngineDebugBindings.gen.cpp Line: 37)

Path Completed : Computation Time 0.00 ms Searched Nodes 4 Path Length 4
Path Number 84
 
(Filename: C:/buildslave/unity/build/artifacts/generated/common/runtime/UnityEngineDebugBindings.gen.cpp Line: 37)

Yay, we got a path back. Did it have an error? False
 
(Filename: C:/buildslave/unity/build/artifacts/generated/common/runtime/UnityEngineDebugBindings.gen.cpp Line: 37)

End Of Path Reached
 
(Filename: C:/buildslave/unity/build/artifacts/generated/common/runtime/UnityEngineDebugBindings.gen.cpp Line: 37)

Path Completed : Computation Time 0.00 ms Searched Nodes 10 Path Length 5
Path Number 85
 
(Filename: C:/buildslave/unity/build/artifacts/generated/common/runtime/UnityEngineDebugBindings.gen.cpp Line: 37)

Yay, we got a path back. Did it have an error? False
 
(Filename: C:/buildslave/unity/build/artifacts/generated/common/runtime/UnityEngineDebugBindings.gen.cpp Line: 37)

End Of Path Reached
 
(Filename: C:/buildslave/unity/build/artifacts/generated/common/runtime/UnityEngineDebugBindings.gen.cpp Line: 37)

Path Completed : Computation Time 0.00 ms Searched Nodes 5 Path Length 4
Path Number 86
 
(Filename: C:/buildslave/unity/build/artifacts/generated/common/runtime/UnityEngineDebugBindings.gen.cpp Line: 37)

Yay, we got a path back. Did it have an error? False
 
(Filename: C:/buildslave/unity/build/artifacts/generated/common/runtime/UnityEngineDebugBindings.gen.cpp Line: 37)

End Of Path Reached
 
(Filename: C:/buildslave/unity/build/artifacts/generated/common/runtime/UnityEngineDebugBindings.gen.cpp Line: 37)

Path Completed : Computation Time 0.00 ms Searched Nodes 4 Path Length 4
Path Number 87
 
(Filename: C:/buildslave/unity/build/artifacts/generated/common/runtime/UnityEngineDebugBindings.gen.cpp Line: 37)

Yay, we got a path back. Did it have an error? False
 
(Filename: C:/buildslave/unity/build/artifacts/generated/common/runtime/UnityEngineDebugBindings.gen.cpp Line: 37)

End Of Path Reached
 
(Filename: C:/buildslave/unity/build/artifacts/generated/common/runtime/UnityEngineDebugBindings.gen.cpp Line: 37)

Path Completed : Computation Time 0.00 ms Searched Nodes 6 Path Length 4
Path Number 88
 
(Filename: C:/buildslave/unity/build/artifacts/generated/common/runtime/UnityEngineDebugBindings.gen.cpp Line: 37)

Yay, we got a path back. Did it have an error? False
 
(Filename: C:/buildslave/unity/build/artifacts/generated/common/runtime/UnityEngineDebugBindings.gen.cpp Line: 37)

NullReferenceException: Object reference not set to an instance of an object
  at AstarAI.Start () [0x00000] in <filename unknown>:0 
 
(Filename:  Line: -1)

NullReferenceException: Object reference not set to an instance of an object
  at AstarAI.Start () [0x00000] in <filename unknown>:0 
  at AstarAI.Update () [0x00000] in <filename unknown>:0 
 
(Filename:  Line: -1)

End Of Path Reached
 
(Filename: C:/buildslave/unity/build/artifacts/generated/common/runtime/UnityEngineDebugBindings.gen.cpp Line: 37)

NullReferenceException: Object reference not set to an instance of an object
  at AstarAI.Start () [0x00000] in <filename unknown>:0 
  at AstarAI.Update () [0x00000] in <filename unknown>:0 
 
(Filename:  Line: -1)

Path Completed : Computation Time 0.00 ms Searched Nodes 4 Path Length 4
Path Number 89
 
(Filename: C:/buildslave/unity/build/artifacts/generated/common/runtime/UnityEngineDebugBindings.gen.cpp Line: 37)

Yay, we got a path back. Did it have an error? False
 
(Filename: C:/buildslave/unity/build/artifacts/generated/common/runtime/UnityEngineDebugBindings.gen.cpp Line: 37)

NullReferenceException: Object reference not set to an instance of an object
  at AstarAI.Start () [0x00000] in <filename unknown>:0 
  at AstarAI.Update () [0x00000] in <filename unknown>:0 
 
(Filename:  Line: -1)

NullReferenceException: Object reference not set to an instance of an object
  at AstarAI.Start () [0x00000] in <filename unknown>:0 
  at AstarAI.Update () [0x00000] in <filename unknown>:0 
 
(Filename:  Line: -1)

NullReferenceException: Object reference not set to an instance of an object
  at AstarAI.Start () [0x00000] in <filename unknown>:0 
  at AstarAI.Update () [0x00000] in <filename unknown>:0 
 
(Filename:  Line: -1)

NullReferenceException: Object reference not set to an instance of an object
  at AstarAI.Start () [0x00000] in <filename unknown>:0 
  at AstarAI.Update () [0x00000] in <filename unknown>:0 
 
(Filename:  Line: -1)

NullReferenceException: Object reference not set to an instance of an object
  at AstarAI.Start () [0x00000] in <filename unknown>:0 
  at AstarAI.Update () [0x00000] in <filename unknown>:0 
 
(Filename:  Line: -1)

End Of Path Reached
 
(Filename: C:/buildslave/unity/build/artifacts/generated/common/runtime/UnityEngineDebugBindings.gen.cpp Line: 37)

NullReferenceException: Object reference not set to an instance of an object
  at AstarAI.Start () [0x00000] in <filename unknown>:0 
  at AstarAI.Update () [0x00000] in <filename unknown>:0 
 
(Filename:  Line: -1)

Path Completed : Computation Time 0.00 ms Searched Nodes 4 Path Length 4
Path Number 90
 
(Filename: C:/buildslave/unity/build/artifacts/generated/common/runtime/UnityEngineDebugBindings.gen.cpp Line: 37)

Yay, we got a path back. Did it have an error? False
 
(Filename: C:/buildslave/unity/build/artifacts/generated/common/runtime/UnityEngineDebugBindings.gen.cpp Line: 37)

NullReferenceException: Object reference not set to an instance of an object
  at AstarAI.Start () [0x00000] in <filename unknown>:0 
  at AstarAI.Update () [0x00000] in <filename unknown>:0 
 
(Filename:  Line: -1)

NullReferenceException: Object reference not set to an instance of an object
  at AstarAI.Start () [0x00000] in <filename unknown>:0 
  at AstarAI.Update () [0x00000] in <filename unknown>:0 
 
(Filename:  Line: -1)

NullReferenceException: Object reference not set to an instance of an object
  at AstarAI.Start () [0x00000] in <filename unknown>:0 
  at AstarAI.Update () [0x00000] in <filename unknown>:0 
 
(Filename:  Line: -1)

NullReferenceException: Object reference not set to an instance of an object
  at AstarAI.Start () [0x00000] in <filename unknown>:0 
  at AstarAI.Update () [0x00000] in <filename unknown>:0 
 
(Filename:  Line: -1)

NullReferenceException: Object reference not set to an instance of an object
  at AstarAI.Start () [0x00000] in <filename unknown>:0 
  at AstarAI.Update () [0x00000] in <filename unknown>:0 
 
(Filename:  Line: -1)

End Of Path Reached
 
(Filename: C:/buildslave/unity/build/artifacts/generated/common/runtime/UnityEngineDebugBindings.gen.cpp Line: 37)

NullReferenceException: Object reference not set to an instance of an object
  at AstarAI.Start () [0x00000] in <filename unknown>:0 
  at AstarAI.Update () [0x00000] in <filename unknown>:0 
 
(Filename:  Line: -1)

Path Completed : Computation Time 0.00 ms Searched Nodes 4 Path Length 4
Path Number 91
 
(Filename: C:/buildslave/unity/build/artifacts/generated/common/runtime/UnityEngineDebugBindings.gen.cpp Line: 37)

Yay, we got a path back. Did it have an error? False
 
(Filename: C:/buildslave/unity/build/artifacts/generated/common/runtime/UnityEngineDebugBindings.gen.cpp Line: 37)

NullReferenceException: Object reference not set to an instance of an object
  at AstarAI.Start () [0x00000] in <filename unknown>:0 
  at AstarAI.Update () [0x00000] in <filename unknown>:0 
 
(Filename:  Line: -1)

NullReferenceException: Object reference not set to an instance of an object
  at AstarAI.Start () [0x00000] in <filename unknown>:0 
  at AstarAI.Update () [0x00000] in <filename unknown>:0 
 
(Filename:  Line: -1)

NullReferenceException: Object reference not set to an instance of an object
  at AstarAI.Start () [0x00000] in <filename unknown>:0 
  at AstarAI.Update () [0x00000] in <filename unknown>:0 
 
(Filename:  Line: -1)

NullReferenceException: Object reference not set to an instance of an object
  at AstarAI.Start () [0x00000] in <filename unknown>:0 
  at AstarAI.Update () [0x00000] in <filename unknown>:0 
 
(Filename:  Line: -1)

NullReferenceException: Object reference not set to an instance of an object
  at AstarAI.Start () [0x00000] in <filename unknown>:0 
  at AstarAI.Update () [0x00000] in <filename unknown>:0 
 
(Filename:  Line: -1)

End Of Path Reached
 
(Filename: C:/buildslave/unity/build/artifacts/generated/common/runtime/UnityEngineDebugBindings.gen.cpp Line: 37)

NullReferenceException: Object reference not set to an instance of an object
  at AstarAI.Start () [0x00000] in <filename unknown>:0 
  at AstarAI.Update () [0x00000] in <filename unknown>:0 
 
(Filename:  Line: -1)

Path Completed : Computation Time 0.00 ms Searched Nodes 4 Path Length 4
Path Number 92
 
(Filename: C:/buildslave/unity/build/artifacts/generated/common/runtime/UnityEngineDebugBindings.gen.cpp Line: 37)

Yay, we got a path back. Did it have an error? False
 
(Filename: C:/buildslave/unity/build/artifacts/generated/common/runtime/UnityEngineDebugBindings.gen.cpp Line: 37)

NullReferenceException: Object reference not set to an instance of an object
  at AstarAI.Start () [0x00000] in <filename unknown>:0 
  at AstarAI.Update () [0x00000] in <filename unknown>:0 
 
(Filename:  Line: -1)

NullReferenceException: Object reference not set to an instance of an object
  at AstarAI.Start () [0x00000] in <filename unknown>:0 
  at AstarAI.Update () [0x00000] in <filename unknown>:0 
 
(Filename:  Line: -1)

NullReferenceException: Object reference not set to an instance of an object
  at AstarAI.Start () [0x00000] in <filename unknown>:0 
  at AstarAI.Update () [0x00000] in <filename unknown>:0 
 
(Filename:  Line: -1)

NullReferenceException: Object reference not set to an instance of an object
  at AstarAI.Start () [0x00000] in <filename unknown>:0 
  at AstarAI.Update () [0x00000] in <filename unknown>:0 
 
(Filename:  Line: -1)

NullReferenceException: Object reference not set to an instance of an object
  at AstarAI.Start () [0x00000] in <filename unknown>:0 
  at AstarAI.Update () [0x00000] in <filename unknown>:0 
 
(Filename:  Line: -1)

End Of Path Reached
 
(Filename: C:/buildslave/unity/build/artifacts/generated/common/runtime/UnityEngineDebugBindings.gen.cpp Line: 37)

NullReferenceException: Object reference not set to an instance of an object
  at AstarAI.Start () [0x00000] in <filename unknown>:0 
  at AstarAI.Update () [0x00000] in <filename unknown>:0 
 
(Filename:  Line: -1)

NullReferenceException: Object reference not set to an instance of an object
  at AstarAI.Start () [0x00000] in <filename unknown>:0 
 
(Filename:  Line: -1)

Path Completed : Computation Time 0.00 ms Searched Nodes 6 Path Length 4
Path Number 93
 
(Filename: C:/buildslave/unity/build/artifacts/generated/common/runtime/UnityEngineDebugBindings.gen.cpp Line: 37)

Yay, we got a path back. Did it have an error? False
 
(Filename: C:/buildslave/unity/build/artifacts/generated/common/runtime/UnityEngineDebugBindings.gen.cpp Line: 37)

NullReferenceException: Object reference not set to an instance of an object
  at AstarAI.Start () [0x00000] in <filename unknown>:0 
  at AstarAI.Update () [0x00000] in <filename unknown>:0 
 
(Filename:  Line: -1)

NullReferenceException: Object reference not set to an instance of an object
  at AstarAI.Start () [0x00000] in <filename unknown>:0 
  at AstarAI.Update () [0x00000] in <filename unknown>:0 
 
(Filename:  Line: -1)

NullReferenceException: Object reference not set to an instance of an object
  at AstarAI.Start () [0x00000] in <filename unknown>:0 
  at AstarAI.Update () [0x00000] in <filename unknown>:0 
 
(Filename:  Line: -1)

NullReferenceException: Object reference not set to an instance of an object
  at AstarAI.Start () [0x00000] in <filename unknown>:0 
  at AstarAI.Update () [0x00000] in <filename unknown>:0 
 
(Filename:  Line: -1)

NullReferenceException: Object reference not set to an instance of an object
  at AstarAI.Start () [0x00000] in <filename unknown>:0 
  at AstarAI.Update () [0x00000] in <filename unknown>:0 
 
(Filename:  Line: -1)

NullReferenceException: Object reference not set to an instance of an object
  at AstarAI.Start () [0x00000] in <filename unknown>:0 
  at AstarAI.Update () [0x00000] in <filename unknown>:0 
 
(Filename:  Line: -1)

NullReferenceException: Object reference not set to an instance of an object
  at AstarAI.Start () [0x00000] in <filename unknown>:0 
  at AstarAI.Update () [0x00000] in <filename unknown>:0 
 
(Filename:  Line: -1)

NullReferenceException: Object reference not set to an instance of an object
  at AstarAI.Start () [0x00000] in <filename unknown>:0 
  at AstarAI.Update () [0x00000] in <filename unknown>:0 
 
(Filename:  Line: -1)

NullReferenceException: Object reference not set to an instance of an object
  at AstarAI.Start () [0x00000] in <filename unknown>:0 
  at AstarAI.Update () [0x00000] in <filename unknown>:0 
 
(Filename:  Line: -1)

NullReferenceException: Object reference not set to an instance of an object
  at AstarAI.Start () [0x00000] in <filename unknown>:0 
  at AstarAI.Update () [0x00000] in <filename unknown>:0 
 
(Filename:  Line: -1)

End Of Path Reached
 
(Filename: C:/buildslave/unity/build/artifacts/generated/common/runtime/UnityEngineDebugBindings.gen.cpp Line: 37)

NullReferenceException: Object reference not set to an instance of an object
  at AstarAI.Start () [0x00000] in <filename unknown>:0 
  at AstarAI.Update () [0x00000] in <filename unknown>:0 
 
(Filename:  Line: -1)

NullReferenceException: Object reference not set to an instance of an object
  at AstarAI.Start () [0x00000] in <filename unknown>:0 
  at AstarAI.Update () [0x00000] in <filename unknown>:0 
 
(Filename:  Line: -1)

Path Completed : Computation Time 0.00 ms Searched Nodes 4 Path Length 4
Path Number 94
 
(Filename: C:/buildslave/unity/build/artifacts/generated/common/runtime/UnityEngineDebugBindings.gen.cpp Line: 37)

Yay, we got a path back. Did it have an error? False
 
(Filename: C:/buildslave/unity/build/artifacts/generated/common/runtime/UnityEngineDebugBindings.gen.cpp Line: 37)

NullReferenceException: Object reference not set to an instance of an object
  at AstarAI.Start () [0x00000] in <filename unknown>:0 
  at AstarAI.Update () [0x00000] in <filename unknown>:0 
 
(Filename:  Line: -1)

NullReferenceException: Object reference not set to an instance of an object
  at AstarAI.Start () [0x00000] in <filename unknown>:0 
  at AstarAI.Update () [0x00000] in <filename unknown>:0 
 
(Filename:  Line: -1)

NullReferenceException: Object reference not set to an instance of an object
  at AstarAI.Start () [0x00000] in <filename unknown>:0 
  at AstarAI.Update () [0x00000] in <filename unknown>:0 
 
(Filename:  Line: -1)

NullReferenceException: Object reference not set to an instance of an object
  at AstarAI.Start () [0x00000] in <filename unknown>:0 
  at AstarAI.Update () [0x00000] in <filename unknown>:0 
 
(Filename:  Line: -1)

NullReferenceException: Object reference not set to an instance of an object
  at AstarAI.Start () [0x00000] in <filename unknown>:0 
  at AstarAI.Update () [0x00000] in <filename unknown>:0 
 
(Filename:  Line: -1)

NullReferenceException: Object reference not set to an instance of an object
  at AstarAI.Start () [0x00000] in <filename unknown>:0 
  at AstarAI.Update () [0x00000] in <filename unknown>:0 
 
(Filename:  Line: -1)

NullReferenceException: Object reference not set to an instance of an object
  at AstarAI.Start () [0x00000] in <filename unknown>:0 
  at AstarAI.Update () [0x00000] in <filename unknown>:0 
 
(Filename:  Line: -1)

NullReferenceException: Object reference not set to an instance of an object
  at AstarAI.Start () [0x00000] in <filename unknown>:0 
  at AstarAI.Update () [0x00000] in <filename unknown>:0 
 
(Filename:  Line: -1)

NullReferenceException: Object reference not set to an instance of an object
  at AstarAI.Start () [0x00000] in <filename unknown>:0 
  at AstarAI.Update () [0x00000] in <filename unknown>:0 
 
(Filename:  Line: -1)

NullReferenceException: Object reference not set to an instance of an object
  at AstarAI.Start () [0x00000] in <filename unknown>:0 
  at AstarAI.Update () [0x00000] in <filename unknown>:0 
 
(Filename:  Line: -1)

NullReferenceException: Object reference not set to an instance of an object
  at AstarAI.Start () [0x00000] in <filename unknown>:0 
  at AstarAI.Update () [0x00000] in <filename unknown>:0 
 
(Filename:  Line: -1)

NullReferenceException: Object reference not set to an instance of an object
  at AstarAI.Start () [0x00000] in <filename unknown>:0 
  at AstarAI.Update () [0x00000] in <filename unknown>:0 
 
(Filename:  Line: -1)

End Of Path Reached
 
(Filename: C:/buildslave/unity/build/artifacts/generated/common/runtime/UnityEngineDebugBindings.gen.cpp Line: 37)

NullReferenceException: Object reference not set to an instance of an object
  at AstarAI.Start () [0x00000] in <filename unknown>:0 
  at AstarAI.Update () [0x00000] in <filename unknown>:0 
 
(Filename:  Line: -1)

NullReferenceException: Object reference not set to an instance of an object
  at AstarAI.Start () [0x00000] in <filename unknown>:0 
  at AstarAI.Update () [0x00000] in <filename unknown>:0 
 
(Filename:  Line: -1)

Path Completed : Computation Time 0.00 ms Searched Nodes 11 Path Length 5
Path Number 95
 
(Filename: C:/buildslave/unity/build/artifacts/generated/common/runtime/UnityEngineDebugBindings.gen.cpp Line: 37)

Yay, we got a path back. Did it have an error? False
 
(Filename: C:/buildslave/unity/build/artifacts/generated/common/runtime/UnityEngineDebugBindings.gen.cpp Line: 37)

NullReferenceException: Object reference not set to an instance of an object
  at AstarAI.Start () [0x00000] in <filename unknown>:0 
  at AstarAI.Update () [0x00000] in <filename unknown>:0 
 
(Filename:  Line: -1)

NullReferenceException: Object reference not set to an instance of an object
  at AstarAI.Start () [0x00000] in <filename unknown>:0 
  at AstarAI.Update () [0x00000] in <filename unknown>:0 
 
(Filename:  Line: -1)

NullReferenceException: Object reference not set to an instance of an object
  at AstarAI.Start () [0x00000] in <filename unknown>:0 
  at AstarAI.Update () [0x00000] in <filename unknown>:0 
 
(Filename:  Line: -1)

NullReferenceException: Object reference not set to an instance of an object
  at AstarAI.Start () [0x00000] in <filename unknown>:0 
  at AstarAI.Update () [0x00000] in <filename unknown>:0 
 
(Filename:  Line: -1)

NullReferenceException: Object reference not set to an instance of an object
  at AstarAI.Start () [0x00000] in <filename unknown>:0 
  at AstarAI.Update () [0x00000] in <filename unknown>:0 
 
(Filename:  Line: -1)

NullReferenceException: Object reference not set to an instance of an object
  at AstarAI.Start () [0x00000] in <filename unknown>:0 
  at AstarAI.Update () [0x00000] in <filename unknown>:0 
 
(Filename:  Line: -1)

NullReferenceException: Object reference not set to an instance of an object
  at AstarAI.Start () [0x00000] in <filename unknown>:0 
 
(Filename:  Line: -1)

NullReferenceException: Object reference not set to an instance of an object
  at AstarAI.Start () [0x00000] in <filename unknown>:0 
  at AstarAI.Update () [0x00000] in <filename unknown>:0 
 
(Filename:  Line: -1)

NullReferenceException: Object reference not set to an instance of an object
  at AstarAI.Start () [0x00000] in <filename unknown>:0 
  at AstarAI.Update () [0x00000] in <filename unknown>:0 
 
(Filename:  Line: -1)

NullReferenceException: Object reference not set to an instance of an object
  at AstarAI.Start () [0x00000] in <filename unknown>:0 
  at AstarAI.Update () [0x00000] in <filename unknown>:0 
 
(Filename:  Line: -1)

End Of Path Reached
 
(Filename: C:/buildslave/unity/build/artifacts/generated/common/runtime/UnityEngineDebugBindings.gen.cpp Line: 37)

NullReferenceException: Object reference not set to an instance of an object
  at AstarAI.Start () [0x00000] in <filename unknown>:0 
  at AstarAI.Update () [0x00000] in <filename unknown>:0 
 
(Filename:  Line: -1)

NullReferenceException: Object reference not set to an instance of an object
  at AstarAI.Start () [0x00000] in <filename unknown>:0 
  at AstarAI.Update () [0x00000] in <filename unknown>:0 
 
(Filename:  Line: -1)

NullReferenceException: Object reference not set to an instance of an object
  at AstarAI.Start () [0x00000] in <filename unknown>:0 
  at AstarAI.Update () [0x00000] in <filename unknown>:0 
 
(Filename:  Line: -1)

Path Completed : Computation Time 0.00 ms Searched Nodes 4 Path Length 4
Path Number 96
 
(Filename: C:/buildslave/unity/build/artifacts/generated/common/runtime/UnityEngineDebugBindings.gen.cpp Line: 37)

Yay, we got a path back. Did it have an error? False
 
(Filename: C:/buildslave/unity/build/artifacts/generated/common/runtime/UnityEngineDebugBindings.gen.cpp Line: 37)

NullReferenceException: Object reference not set to an instance of an object
  at AstarAI.Start () [0x00000] in <filename unknown>:0 
  at AstarAI.Update () [0x00000] in <filename unknown>:0 
 
(Filename:  Line: -1)

NullReferenceException: Object reference not set to an instance of an object
  at AstarAI.Start () [0x00000] in <filename unknown>:0 
  at AstarAI.Update () [0x00000] in <filename unknown>:0 
 
(Filename:  Line: -1)

NullReferenceException: Object reference not set to an instance of an object
  at AstarAI.Start () [0x00000] in <filename unknown>:0 
  at AstarAI.Update () [0x00000] in <filename unknown>:0 
 
(Filename:  Line: -1)

NullReferenceException: Object reference not set to an instance of an object
  at AstarAI.Start () [0x00000] in <filename unknown>:0 
  at AstarAI.Update () [0x00000] in <filename unknown>:0 
 
(Filename:  Line: -1)

NullReferenceException: Object reference not set to an instance of an object
  at AstarAI.Start () [0x00000] in <filename unknown>:0 
  at AstarAI.Update () [0x00000] in <filename unknown>:0 
 
(Filename:  Line: -1)

NullReferenceException: Object reference not set to an instance of an object
  at AstarAI.Start () [0x00000] in <filename unknown>:0 
  at AstarAI.Update () [0x00000] in <filename unknown>:0 
 
(Filename:  Line: -1)

NullReferenceException: Object reference not set to an instance of an object
  at AstarAI.Start () [0x00000] in <filename unknown>:0 
  at AstarAI.Update () [0x00000] in <filename unknown>:0 
 
(Filename:  Line: -1)

NullReferenceException: Object reference not set to an instance of an object
  at AstarAI.Start () [0x00000] in <filename unknown>:0 
  at AstarAI.Update () [0x00000] in <filename unknown>:0 
 
(Filename:  Line: -1)

NullReferenceException: Object reference not set to an instance of an object
  at AstarAI.Start () [0x00000] in <filename unknown>:0 
  at AstarAI.Update () [0x00000] in <filename unknown>:0 
 
(Filename:  Line: -1)

NullReferenceException: Object reference not set to an instance of an object
  at AstarAI.Start () [0x00000] in <filename unknown>:0 
  at AstarAI.Update () [0x00000] in <filename unknown>:0 
 
(Filename:  Line: -1)

NullReferenceException: Object reference not set to an instance of an object
  at AstarAI.Start () [0x00000] in <filename unknown>:0 
  at AstarAI.Update () [0x00000] in <filename unknown>:0 
 
(Filename:  Line: -1)

NullReferenceException: Object reference not set to an instance of an object
  at AstarAI.Start () [0x00000] in <filename unknown>:0 
  at AstarAI.Update () [0x00000] in <filename unknown>:0 
 
(Filename:  Line: -1)

NullReferenceException: Object reference not set to an instance of an object
  at AstarAI.Start () [0x00000] in <filename unknown>:0 
  at AstarAI.Update () [0x00000] in <filename unknown>:0 
 
(Filename:  Line: -1)

NullReferenceException: Object reference not set to an instance of an object
  at AstarAI.Start () [0x00000] in <filename unknown>:0 
  at AstarAI.Update () [0x00000] in <filename unknown>:0 
 
(Filename:  Line: -1)

NullReferenceException: Object reference not set to an instance of an object
  at AstarAI.Start () [0x00000] in <filename unknown>:0 
  at AstarAI.Update () [0x00000] in <filename unknown>:0 
 
(Filename:  Line: -1)

End Of Path Reached
 
(Filename: C:/buildslave/unity/build/artifacts/generated/common/runtime/UnityEngineDebugBindings.gen.cpp Line: 37)

NullReferenceException: Object reference not set to an instance of an object
  at AstarAI.Start () [0x00000] in <filename unknown>:0 
  at AstarAI.Update () [0x00000] in <filename unknown>:0 
 
(Filename:  Line: -1)

NullReferenceException: Object reference not set to an instance of an object
  at AstarAI.Start () [0x00000] in <filename unknown>:0 
  at AstarAI.Update () [0x00000] in <filename unknown>:0 
 
(Filename:  Line: -1)

NullReferenceException: Object reference not set to an instance of an object
  at AstarAI.Start () [0x00000] in <filename unknown>:0 
  at AstarAI.Update () [0x00000] in <filename unknown>:0 
 
(Filename:  Line: -1)

Path Completed : Computation Time 0.00 ms Searched Nodes 4 Path Length 4
Path Number 97
 
(Filename: C:/buildslave/unity/build/artifacts/generated/common/runtime/UnityEngineDebugBindings.gen.cpp Line: 37)

Yay, we got a path back. Did it have an error? False
 
(Filename: C:/buildslave/unity/build/artifacts/generated/common/runtime/UnityEngineDebugBindings.gen.cpp Line: 37)

NullReferenceException: Object reference not set to an instance of an object
  at AstarAI.Start () [0x00000] in <filename unknown>:0 
  at AstarAI.Update () [0x00000] in <filename unknown>:0 
 
(Filename:  Line: -1)

NullReferenceException: Object reference not set to an instance of an object
  at AstarAI.Start () [0x00000] in <filename unknown>:0 
  at AstarAI.Update () [0x00000] in <filename unknown>:0 
 
(Filename:  Line: -1)

NullReferenceException: Object reference not set to an instance of an object
  at AstarAI.Start () [0x00000] in <filename unknown>:0 
  at AstarAI.Update () [0x00000] in <filename unknown>:0 
 
(Filename:  Line: -1)

NullReferenceException: Object reference not set to an instance of an object
  at AstarAI.Start () [0x00000] in <filename unknown>:0 
  at AstarAI.Update () [0x00000] in <filename unknown>:0 
 
(Filename:  Line: -1)

NullReferenceException: Object reference not set to an instance of an object
  at AstarAI.Start () [0x00000] in <filename unknown>:0 
  at AstarAI.Update () [0x00000] in <filename unknown>:0 
 
(Filename:  Line: -1)

NullReferenceException: Object reference not set to an instance of an object
  at AstarAI.Start () [0x00000] in <filename unknown>:0 
  at AstarAI.Update () [0x00000] in <filename unknown>:0 
 
(Filename:  Line: -1)

NullReferenceException: Object reference not set to an instance of an object
  at AstarAI.Start () [0x00000] in <filename unknown>:0 
  at AstarAI.Update () [0x00000] in <filename unknown>:0 
 
(Filename:  Line: -1)

NullReferenceException: Object reference not set to an instance of an object
  at AstarAI.Start () [0x00000] in <filename unknown>:0 
  at AstarAI.Update () [0x00000] in <filename unknown>:0 
 
(Filename:  Line: -1)

NullReferenceException: Object reference not set to an instance of an object
  at AstarAI.Start () [0x00000] in <filename unknown>:0 
  at AstarAI.Update () [0x00000] in <filename unknown>:0 
 
(Filename:  Line: -1)

NullReferenceException: Object reference not set to an instance of an object
  at AstarAI.Start () [0x00000] in <filename unknown>:0 
  at AstarAI.Update () [0x00000] in <filename unknown>:0 
 
(Filename:  Line: -1)

NullReferenceException: Object reference not set to an instance of an object
  at AstarAI.Start () [0x00000] in <filename unknown>:0 
  at AstarAI.Update () [0x00000] in <filename unknown>:0 
 
(Filename:  Line: -1)

NullReferenceException: Object reference not set to an instance of an object
  at AstarAI.Start () [0x00000] in <filename unknown>:0 
  at AstarAI.Update () [0x00000] in <filename unknown>:0 
 
(Filename:  Line: -1)

NullReferenceException: Object reference not set to an instance of an object
  at AstarAI.Start () [0x00000] in <filename unknown>:0 
 
(Filename:  Line: -1)

NullReferenceException: Object reference not set to an instance of an object
  at AstarAI.Start () [0x00000] in <filename unknown>:0 
  at AstarAI.Update () [0x00000] in <filename unknown>:0 
 
(Filename:  Line: -1)

NullReferenceException: Object reference not set to an instance of an object
  at AstarAI.Start () [0x00000] in <filename unknown>:0 
  at AstarAI.Update () [0x00000] in <filename unknown>:0 
 
(Filename:  Line: -1)

NullReferenceException: Object reference not set to an instance of an object
  at AstarAI.Start () [0x00000] in <filename unknown>:0 
  at AstarAI.Update () [0x00000] in <filename unknown>:0 
 
(Filename:  Line: -1)

NullReferenceException: Object reference not set to an instance of an object
  at AstarAI.Start () [0x00000] in <filename unknown>:0 
  at AstarAI.Update () [0x00000] in <filename unknown>:0 
 
(Filename:  Line: -1)

End Of Path Reached
 
(Filename: C:/buildslave/unity/build/artifacts/generated/common/runtime/UnityEngineDebugBindings.gen.cpp Line: 37)

NullReferenceException: Object reference not set to an instance of an object
  at AstarAI.Start () [0x00000] in <filename unknown>:0 
  at AstarAI.Update () [0x00000] in <filename unknown>:0 
 
(Filename:  Line: -1)

NullReferenceException: Object reference not set to an instance of an object
  at AstarAI.Start () [0x00000] in <filename unknown>:0 
  at AstarAI.Update () [0x00000] in <filename unknown>:0 
 
(Filename:  Line: -1)

NullReferenceException: Object reference not set to an instance of an object
  at AstarAI.Start () [0x00000] in <filename unknown>:0 
  at AstarAI.Update () [0x00000] in <filename unknown>:0 
 
(Filename:  Line: -1)

NullReferenceException: Object reference not set to an instance of an object
  at AstarAI.Start () [0x00000] in <filename unknown>:0 
  at AstarAI.Update () [0x00000] in <filename unknown>:0 
 
(Filename:  Line: -1)

Path Completed : Computation Time 0.00 ms Searched Nodes 6 Path Length 4
Path Number 98
 
(Filename: C:/buildslave/unity/build/artifacts/generated/common/runtime/UnityEngineDebugBindings.gen.cpp Line: 37)

Yay, we got a path back. Did it have an error? False
 
(Filename: C:/buildslave/unity/build/artifacts/generated/common/runtime/UnityEngineDebugBindings.gen.cpp Line: 37)

NullReferenceException: Object reference not set to an instance of an object
  at AstarAI.Start () [0x00000] in <filename unknown>:0 
  at AstarAI.Update () [0x00000] in <filename unknown>:0 
 
(Filename:  Line: -1)

NullReferenceException: Object reference not set to an instance of an object
  at AstarAI.Start () [0x00000] in <filename unknown>:0 
  at AstarAI.Update () [0x00000] in <filename unknown>:0 
 
(Filename:  Line: -1)

NullReferenceException: Object reference not set to an instance of an object
  at AstarAI.Start () [0x00000] in <filename unknown>:0 
  at AstarAI.Update () [0x00000] in <filename unknown>:0 
 
(Filename:  Line: -1)

NullReferenceException: Object reference not set to an instance of an object
  at AstarAI.Start () [0x00000] in <filename unknown>:0 
  at AstarAI.Update () [0x00000] in <filename unknown>:0 
 
(Filename:  Line: -1)

NullReferenceException: Object reference not set to an instance of an object
  at AstarAI.Start () [0x00000] in <filename unknown>:0 
  at AstarAI.Update () [0x00000] in <filename unknown>:0 
 
(Filename:  Line: -1)

NullReferenceException: Object reference not set to an instance of an object
  at AstarAI.Start () [0x00000] in <filename unknown>:0 
  at AstarAI.Update () [0x00000] in <filename unknown>:0 
 
(Filename:  Line: -1)

NullReferenceException: Object reference not set to an instance of an object
  at AstarAI.Start () [0x00000] in <filename unknown>:0 
  at AstarAI.Update () [0x00000] in <filename unknown>:0 
 
(Filename:  Line: -1)

NullReferenceException: Object reference not set to an instance of an object
  at AstarAI.Start () [0x00000] in <filename unknown>:0 
  at AstarAI.Update () [0x00000] in <filename unknown>:0 
 
(Filename:  Line: -1)

NullReferenceException: Object reference not set to an instance of an object
  at AstarAI.Start () [0x00000] in <filename unknown>:0 
  at AstarAI.Update () [0x00000] in <filename unknown>:0 
 
(Filename:  Line: -1)

NullReferenceException: Object reference not set to an instance of an object
  at AstarAI.Start () [0x00000] in <filename unknown>:0 
  at AstarAI.Update () [0x00000] in <filename unknown>:0 
 
(Filename:  Line: -1)

NullReferenceException: Object reference not set to an instance of an object
  at AstarAI.Start () [0x00000] in <filename unknown>:0 
  at AstarAI.Update () [0x00000] in <filename unknown>:0 
 
(Filename:  Line: -1)

NullReferenceException: Object reference not set to an instance of an object
  at AstarAI.Start () [0x00000] in <filename unknown>:0 
  at AstarAI.Update () [0x00000] in <filename unknown>:0 
 
(Filename:  Line: -1)

NullReferenceException: Object reference not set to an instance of an object
  at AstarAI.Start () [0x00000] in <filename unknown>:0 
  at AstarAI.Update () [0x00000] in <filename unknown>:0 
 
(Filename:  Line: -1)

NullReferenceException: Object reference not set to an instance of an object
  at AstarAI.Start () [0x00000] in <filename unknown>:0 
  at AstarAI.Update () [0x00000] in <filename unknown>:0 
 
(Filename:  Line: -1)

NullReferenceException: Object reference not set to an instance of an object
  at AstarAI.Start () [0x00000] in <filename unknown>:0 
  at AstarAI.Update () [0x00000] in <filename unknown>:0 
 
(Filename:  Line: -1)

NullReferenceException: Object reference not set to an instance of an object
  at AstarAI.Start () [0x00000] in <filename unknown>:0 
  at AstarAI.Update () [0x00000] in <filename unknown>:0 
 
(Filename:  Line: -1)

NullReferenceException: Object reference not set to an instance of an object
  at AstarAI.Start () [0x00000] in <filename unknown>:0 
  at AstarAI.Update () [0x00000] in <filename unknown>:0 
 
(Filename:  Line: -1)

NullReferenceException: Object reference not set to an instance of an object
  at AstarAI.Start () [0x00000] in <filename unknown>:0 
  at AstarAI.Update () [0x00000] in <filename unknown>:0 
 
(Filename:  Line: -1)

NullReferenceException: Object reference not set to an instance of an object
  at AstarAI.Start () [0x00000] in <filename unknown>:0 
  at AstarAI.Update () [0x00000] in <filename unknown>:0 
 
(Filename:  Line: -1)

NullReferenceException: Object reference not set to an instance of an object
  at AstarAI.Start () [0x00000] in <filename unknown>:0 
  at AstarAI.Update () [0x00000] in <filename unknown>:0 
 
(Filename:  Line: -1)

NullReferenceException: Object reference not set to an instance of an object
  at AstarAI.Start () [0x00000] in <filename unknown>:0 
  at AstarAI.Update () [0x00000] in <filename unknown>:0 
 
(Filename:  Line: -1)

NullReferenceException: Object reference not set to an instance of an object
  at AstarAI.Start () [0x00000] in <filename unknown>:0 
  at AstarAI.Update () [0x00000] in <filename unknown>:0 
 
(Filename:  Line: -1)

End Of Path Reached
 
(Filename: C:/buildslave/unity/build/artifacts/generated/common/runtime/UnityEngineDebugBindings.gen.cpp Line: 37)

NullReferenceException: Object reference not set to an instance of an object
  at AstarAI.Start () [0x00000] in <filename unknown>:0 
  at AstarAI.Update () [0x00000] in <filename unknown>:0 
 
(Filename:  Line: -1)

NullReferenceException: Object reference not set to an instance of an object
  at AstarAI.Start () [0x00000] in <filename unknown>:0 
  at AstarAI.Update () [0x00000] in <filename unknown>:0 
 
(Filename:  Line: -1)

NullReferenceException: Object reference not set to an instance of an object
  at AstarAI.Start () [0x00000] in <filename unknown>:0 
  at AstarAI.Update () [0x00000] in <filename unknown>:0 
 
(Filename:  Line: -1)

Path Completed : Computation Time 0.00 ms Searched Nodes 4 Path Length 4
Path Number 99
 
(Filename: C:/buildslave/unity/build/artifacts/generated/common/runtime/UnityEngineDebugBindings.gen.cpp Line: 37)

Yay, we got a path back. Did it have an error? False
 
(Filename: C:/buildslave/unity/build/artifacts/generated/common/runtime/UnityEngineDebugBindings.gen.cpp Line: 37)

NullReferenceException: Object reference not set to an instance of an object
  at AstarAI.Start () [0x00000] in <filename unknown>:0 
  at AstarAI.Update () [0x00000] in <filename unknown>:0 
 
(Filename:  Line: -1)

NullReferenceException: Object reference not set to an instance of an object
  at AstarAI.Start () [0x00000] in <filename unknown>:0 
  at AstarAI.Update () [0x00000] in <filename unknown>:0 
 
(Filename:  Line: -1)

NullReferenceException: Object reference not set to an instance of an object
  at AstarAI.Start () [0x00000] in <filename unknown>:0 
  at AstarAI.Update () [0x00000] in <filename unknown>:0 
 
(Filename:  Line: -1)

NullReferenceException: Object reference not set to an instance of an object
  at AstarAI.Start () [0x00000] in <filename unknown>:0 
  at AstarAI.Update () [0x00000] in <filename unknown>:0 
 
(Filename:  Line: -1)

NullReferenceException: Object reference not set to an instance of an object
  at AstarAI.Start () [0x00000] in <filename unknown>:0 
  at AstarAI.Update () [0x00000] in <filename unknown>:0 
 
(Filename:  Line: -1)

NullReferenceException: Object reference not set to an instance of an object
  at AstarAI.Start () [0x00000] in <filename unknown>:0 
  at AstarAI.Update () [0x00000] in <filename unknown>:0 
 
(Filename:  Line: -1)

NullReferenceException: Object reference not set to an instance of an object
  at AstarAI.Start () [0x00000] in <filename unknown>:0 
  at AstarAI.Update () [0x00000] in <filename unknown>:0 
 
(Filename:  Line: -1)

NullReferenceException: Object reference not set to an instance of an object
  at AstarAI.Start () [0x00000] in <filename unknown>:0 
  at AstarAI.Update () [0x00000] in <filename unknown>:0 
 
(Filename:  Line: -1)

NullReferenceException: Object reference not set to an instance of an object
  at AstarAI.Start () [0x00000] in <filename unknown>:0 
  at AstarAI.Update () [0x00000] in <filename unknown>:0 
 
(Filename:  Line: -1)

NullReferenceException: Object reference not set to an instance of an object
  at AstarAI.Start () [0x00000] in <filename unknown>:0 
  at AstarAI.Update () [0x00000] in <filename unknown>:0 
 
(Filename:  Line: -1)

NullReferenceException: Object reference not set to an instance of an object
  at AstarAI.Start () [0x00000] in <filename unknown>:0 
  at AstarAI.Update () [0x00000] in <filename unknown>:0 
 
(Filename:  Line: -1)

NullReferenceException: Object reference not set to an instance of an object
  at AstarAI.Start () [0x00000] in <filename unknown>:0 
  at AstarAI.Update () [0x00000] in <filename unknown>:0 
 
(Filename:  Line: -1)

NullReferenceException: Object reference not set to an instance of an object
  at AstarAI.Start () [0x00000] in <filename unknown>:0 
  at AstarAI.Update () [0x00000] in <filename unknown>:0 
 
(Filename:  Line: -1)

NullReferenceException: Object reference not set to an instance of an object
  at AstarAI.Start () [0x00000] in <filename unknown>:0 
  at AstarAI.Update () [0x00000] in <filename unknown>:0 
 
(Filename:  Line: -1)

NullReferenceException: Object reference not set to an instance of an object
  at AstarAI.Start () [0x00000] in <filename unknown>:0 
  at AstarAI.Update () [0x00000] in <filename unknown>:0 
 
(Filename:  Line: -1)

NullReferenceException: Object reference not set to an instance of an object
  at AstarAI.Start () [0x00000] in <filename unknown>:0 
  at AstarAI.Update () [0x00000] in <filename unknown>:0 
 
(Filename:  Line: -1)

NullReferenceException: Object reference not set to an instance of an object
  at AstarAI.Start () [0x00000] in <filename unknown>:0 
  at AstarAI.Update () [0x00000] in <filename unknown>:0 
 
(Filename:  Line: -1)

NullReferenceException: Object reference not set to an instance of an object
  at AstarAI.Start () [0x00000] in <filename unknown>:0 
  at AstarAI.Update () [0x00000] in <filename unknown>:0 
 
(Filename:  Line: -1)

End Of Path Reached
 
(Filename: C:/buildslave/unity/build/artifacts/generated/common/runtime/UnityEngineDebugBindings.gen.cpp Line: 37)

NullReferenceException: Object reference not set to an instance of an object
  at AstarAI.Start () [0x00000] in <filename unknown>:0 
  at AstarAI.Update () [0x00000] in <filename unknown>:0 
 
(Filename:  Line: -1)

NullReferenceException: Object reference not set to an instance of an object
  at AstarAI.Start () [0x00000] in <filename unknown>:0 
  at AstarAI.Update () [0x00000] in <filename unknown>:0 
 
(Filename:  Line: -1)

NullReferenceException: Object reference not set to an instance of an object
  at AstarAI.Start () [0x00000] in <filename unknown>:0 
  at AstarAI.Update () [0x00000] in <filename unknown>:0 
 
(Filename:  Line: -1)

Path Completed : Computation Time 0.00 ms Searched Nodes 9 Path Length 5
Path Number 100
 
(Filename: C:/buildslave/unity/build/artifacts/generated/common/runtime/UnityEngineDebugBindings.gen.cpp Line: 37)

Yay, we got a path back. Did it have an error? False
 
(Filename: C:/buildslave/unity/build/artifacts/generated/common/runtime/UnityEngineDebugBindings.gen.cpp Line: 37)

NullReferenceException: Object reference not set to an instance of an object
  at AstarAI.Start () [0x00000] in <filename unknown>:0 
  at AstarAI.Update () [0x00000] in <filename unknown>:0 
 
(Filename:  Line: -1)

NullReferenceException: Object reference not set to an instance of an object
  at AstarAI.Start () [0x00000] in <filename unknown>:0 
  at AstarAI.Update () [0x00000] in <filename unknown>:0 
 
(Filename:  Line: -1)

NullReferenceException: Object reference not set to an instance of an object
  at AstarAI.Start () [0x00000] in <filename unknown>:0 
  at AstarAI.Update () [0x00000] in <filename unknown>:0 
 
(Filename:  Line: -1)

NullReferenceException: Object reference not set to an instance of an object
  at AstarAI.Start () [0x00000] in <filename unknown>:0 
  at AstarAI.Update () [0x00000] in <filename unknown>:0 
 
(Filename:  Line: -1)

NullReferenceException: Object reference not set to an instance of an object
  at AstarAI.Start () [0x00000] in <filename unknown>:0 
  at AstarAI.Update () [0x00000] in <filename unknown>:0 
 
(Filename:  Line: -1)

NullReferenceException: Object reference not set to an instance of an object
  at AstarAI.Start () [0x00000] in <filename unknown>:0 
  at AstarAI.Update () [0x00000] in <filename unknown>:0 
 
(Filename:  Line: -1)

NullReferenceException: Object reference not set to an instance of an object
  at AstarAI.Start () [0x00000] in <filename unknown>:0 
  at AstarAI.Update () [0x00000] in <filename unknown>:0 
 
(Filename:  Line: -1)

NullReferenceException: Object reference not set to an instance of an object
  at AstarAI.Start () [0x00000] in <filename unknown>:0 
  at AstarAI.Update () [0x00000] in <filename unknown>:0 
 
(Filename:  Line: -1)

NullReferenceException: Object reference not set to an instance of an object
  at AstarAI.Start () [0x00000] in <filename unknown>:0 
  at AstarAI.Update () [0x00000] in <filename unknown>:0 
 
(Filename:  Line: -1)

NullReferenceException: Object reference not set to an instance of an object
  at AstarAI.Start () [0x00000] in <filename unknown>:0 
  at AstarAI.Update () [0x00000] in <filename unknown>:0 
 
(Filename:  Line: -1)

NullReferenceException: Object reference not set to an instance of an object
  at AstarAI.Start () [0x00000] in <filename unknown>:0 
  at AstarAI.Update () [0x00000] in <filename unknown>:0 
 
(Filename:  Line: -1)

NullReferenceException: Object reference not set to an instance of an object
  at AstarAI.Start () [0x00000] in <filename unknown>:0 
  at AstarAI.Update () [0x00000] in <filename unknown>:0 
 
(Filename:  Line: -1)

End Of Path Reached
 
(Filename: C:/buildslave/unity/build/artifacts/generated/common/runtime/UnityEngineDebugBindings.gen.cpp Line: 37)

NullReferenceException: Object reference not set to an instance of an object
  at AstarAI.Start () [0x00000] in <filename unknown>:0 
  at AstarAI.Update () [0x00000] in <filename unknown>:0 
 
(Filename:  Line: -1)

NullReferenceException: Object reference not set to an instance of an object
  at AstarAI.Start () [0x00000] in <filename unknown>:0 
  at AstarAI.Update () [0x00000] in <filename unknown>:0 
 
(Filename:  Line: -1)

NullReferenceException: Object reference not set to an instance of an object
  at AstarAI.Start () [0x00000] in <filename unknown>:0 
  at AstarAI.Update () [0x00000] in <filename unknown>:0 
 
(Filename:  Line: -1)

Path Completed : Computation Time 0.50 ms Searched Nodes 4 Path Length 4
Path Number 101
 
(Filename: C:/buildslave/unity/build/artifacts/generated/common/runtime/UnityEngineDebugBindings.gen.cpp Line: 37)

Yay, we got a path back. Did it have an error? False
 
(Filename: C:/buildslave/unity/build/artifacts/generated/common/runtime/UnityEngineDebugBindings.gen.cpp Line: 37)

NullReferenceException: Object reference not set to an instance of an object
  at AstarAI.Start () [0x00000] in <filename unknown>:0 
  at AstarAI.Update () [0x00000] in <filename unknown>:0 
 
(Filename:  Line: -1)

NullReferenceException: Object reference not set to an instance of an object
  at AstarAI.Start () [0x00000] in <filename unknown>:0 
  at AstarAI.Update () [0x00000] in <filename unknown>:0 
 
(Filename:  Line: -1)

NullReferenceException: Object reference not set to an instance of an object
  at AstarAI.Start () [0x00000] in <filename unknown>:0 
  at AstarAI.Update () [0x00000] in <filename unknown>:0 
 
(Filename:  Line: -1)

NullReferenceException: Object reference not set to an instance of an object
  at AstarAI.Start () [0x00000] in <filename unknown>:0 
  at AstarAI.Update () [0x00000] in <filename unknown>:0 
 
(Filename:  Line: -1)

NullReferenceException: Object reference not set to an instance of an object
  at AstarAI.Start () [0x00000] in <filename unknown>:0 
  at AstarAI.Update () [0x00000] in <filename unknown>:0 
 
(Filename:  Line: -1)

NullReferenceException: Object reference not set to an instance of an object
  at AstarAI.Start () [0x00000] in <filename unknown>:0 
  at AstarAI.Update () [0x00000] in <filename unknown>:0 
 
(Filename:  Line: -1)

NullReferenceException: Object reference not set to an instance of an object
  at AstarAI.Start () [0x00000] in <filename unknown>:0 
  at AstarAI.Update () [0x00000] in <filename unknown>:0 
 
(Filename:  Line: -1)

NullReferenceException: Object reference not set to an instance of an object
  at AstarAI.Start () [0x00000] in <filename unknown>:0 
  at AstarAI.Update () [0x00000] in <filename unknown>:0 
 
(Filename:  Line: -1)

NullReferenceException: Object reference not set to an instance of an object
  at AstarAI.Start () [0x00000] in <filename unknown>:0 
  at AstarAI.Update () [0x00000] in <filename unknown>:0 
 
(Filename:  Line: -1)

NullReferenceException: Object reference not set to an instance of an object
  at AstarAI.Start () [0x00000] in <filename unknown>:0 
  at AstarAI.Update () [0x00000] in <filename unknown>:0 
 
(Filename:  Line: -1)

NullReferenceException: Object reference not set to an instance of an object
  at AstarAI.Start () [0x00000] in <filename unknown>:0 
  at AstarAI.Update () [0x00000] in <filename unknown>:0 
 
(Filename:  Line: -1)

NullReferenceException: Object reference not set to an instance of an object
  at AstarAI.Start () [0x00000] in <filename unknown>:0 
  at AstarAI.Update () [0x00000] in <filename unknown>:0 
 
(Filename:  Line: -1)

End Of Path Reached
 
(Filename: C:/buildslave/unity/build/artifacts/generated/common/runtime/UnityEngineDebugBindings.gen.cpp Line: 37)

NullReferenceException: Object reference not set to an instance of an object
  at AstarAI.Start () [0x00000] in <filename unknown>:0 
  at AstarAI.Update () [0x00000] in <filename unknown>:0 
 
(Filename:  Line: -1)

NullReferenceException: Object reference not set to an instance of an object
  at AstarAI.Start () [0x00000] in <filename unknown>:0 
  at AstarAI.Update () [0x00000] in <filename unknown>:0 
 
(Filename:  Line: -1)

NullReferenceException: Object reference not set to an instance of an object
  at AstarAI.Start () [0x00000] in <filename unknown>:0 
  at AstarAI.Update () [0x00000] in <filename unknown>:0 
 
(Filename:  Line: -1)

Path Completed : Computation Time 0.00 ms Searched Nodes 8 Path Length 4
Path Number 102
 
(Filename: C:/buildslave/unity/build/artifacts/generated/common/runtime/UnityEngineDebugBindings.gen.cpp Line: 37)

Yay, we got a path back. Did it have an error? False
 
(Filename: C:/buildslave/unity/build/artifacts/generated/common/runtime/UnityEngineDebugBindings.gen.cpp Line: 37)

NullReferenceException: Object reference not set to an instance of an object
  at AstarAI.Start () [0x00000] in <filename unknown>:0 
  at AstarAI.Update () [0x00000] in <filename unknown>:0 
 
(Filename:  Line: -1)

NullReferenceException: Object reference not set to an instance of an object
  at AstarAI.Start () [0x00000] in <filename unknown>:0 
  at AstarAI.Update () [0x00000] in <filename unknown>:0 
 
(Filename:  Line: -1)

NullReferenceException: Object reference not set to an instance of an object
  at AstarAI.Start () [0x00000] in <filename unknown>:0 
  at AstarAI.Update () [0x00000] in <filename unknown>:0 
 
(Filename:  Line: -1)

NullReferenceException: Object reference not set to an instance of an object
  at AstarAI.Start () [0x00000] in <filename unknown>:0 
  at AstarAI.Update () [0x00000] in <filename unknown>:0 
 
(Filename:  Line: -1)

NullReferenceException: Object reference not set to an instance of an object
  at AstarAI.Start () [0x00000] in <filename unknown>:0 
  at AstarAI.Update () [0x00000] in <filename unknown>:0 
 
(Filename:  Line: -1)

NullReferenceException: Object reference not set to an instance of an object
  at AstarAI.Start () [0x00000] in <filename unknown>:0 
  at AstarAI.Update () [0x00000] in <filename unknown>:0 
 
(Filename:  Line: -1)

NullReferenceException: Object reference not set to an instance of an object
  at AstarAI.Start () [0x00000] in <filename unknown>:0 
  at AstarAI.Update () [0x00000] in <filename unknown>:0 
 
(Filename:  Line: -1)

NullReferenceException: Object reference not set to an instance of an object
  at AstarAI.Start () [0x00000] in <filename unknown>:0 
  at AstarAI.Update () [0x00000] in <filename unknown>:0 
 
(Filename:  Line: -1)

NullReferenceException: Object reference not set to an instance of an object
  at AstarAI.Start () [0x00000] in <filename unknown>:0 
  at AstarAI.Update () [0x00000] in <filename unknown>:0 
 
(Filename:  Line: -1)

End Of Path Reached
 
(Filename: C:/buildslave/unity/build/artifacts/generated/common/runtime/UnityEngineDebugBindings.gen.cpp Line: 37)

NullReferenceException: Object reference not set to an instance of an object
  at AstarAI.Start () [0x00000] in <filename unknown>:0 
  at AstarAI.Update () [0x00000] in <filename unknown>:0 
 
(Filename:  Line: -1)

NullReferenceException: Object reference not set to an instance of an object
  at AstarAI.Start () [0x00000] in <filename unknown>:0 
  at AstarAI.Update () [0x00000] in <filename unknown>:0 
 
(Filename:  Line: -1)

NullReferenceException: Object reference not set to an instance of an object
  at AstarAI.Start () [0x00000] in <filename unknown>:0 
  at AstarAI.Update () [0x00000] in <filename unknown>:0 
 
(Filename:  Line: -1)

Path Completed : Computation Time 0.00 ms Searched Nodes 6 Path Length 4
Path Number 103
 
(Filename: C:/buildslave/unity/build/artifacts/generated/common/runtime/UnityEngineDebugBindings.gen.cpp Line: 37)

Yay, we got a path back. Did it have an error? False
 
(Filename: C:/buildslave/unity/build/artifacts/generated/common/runtime/UnityEngineDebugBindings.gen.cpp Line: 37)

NullReferenceException: Object reference not set to an instance of an object
  at AstarAI.Start () [0x00000] in <filename unknown>:0 
  at AstarAI.Update () [0x00000] in <filename unknown>:0 
 
(Filename:  Line: -1)

NullReferenceException: Object reference not set to an instance of an object
  at AstarAI.Start () [0x00000] in <filename unknown>:0 
  at AstarAI.Update () [0x00000] in <filename unknown>:0 
 
(Filename:  Line: -1)

NullReferenceException: Object reference not set to an instance of an object
  at AstarAI.Start () [0x00000] in <filename unknown>:0 
  at AstarAI.Update () [0x00000] in <filename unknown>:0 
 
(Filename:  Line: -1)

NullReferenceException: Object reference not set to an instance of an object
  at AstarAI.Start () [0x00000] in <filename unknown>:0 
  at AstarAI.Update () [0x00000] in <filename unknown>:0 
 
(Filename:  Line: -1)

NullReferenceException: Object reference not set to an instance of an object
  at AstarAI.Start () [0x00000] in <filename unknown>:0 
  at AstarAI.Update () [0x00000] in <filename unknown>:0 
 
(Filename:  Line: -1)

NullReferenceException: Object reference not set to an instance of an object
  at AstarAI.Start () [0x00000] in <filename unknown>:0 
  at AstarAI.Update () [0x00000] in <filename unknown>:0 
 
(Filename:  Line: -1)

End Of Path Reached
 
(Filename: C:/buildslave/unity/build/artifacts/generated/common/runtime/UnityEngineDebugBindings.gen.cpp Line: 37)

NullReferenceException: Object reference not set to an instance of an object
  at AstarAI.Start () [0x00000] in <filename unknown>:0 
  at AstarAI.Update () [0x00000] in <filename unknown>:0 
 
(Filename:  Line: -1)

NullReferenceException: Object reference not set to an instance of an object
  at AstarAI.Start () [0x00000] in <filename unknown>:0 
  at AstarAI.Update () [0x00000] in <filename unknown>:0 
 
(Filename:  Line: -1)

Path Completed : Computation Time 0.00 ms Searched Nodes 4 Path Length 4
Path Number 104
 
(Filename: C:/buildslave/unity/build/artifacts/generated/common/runtime/UnityEngineDebugBindings.gen.cpp Line: 37)

Yay, we got a path back. Did it have an error? False
 
(Filename: C:/buildslave/unity/build/artifacts/generated/common/runtime/UnityEngineDebugBindings.gen.cpp Line: 37)

NullReferenceException: Object reference not set to an instance of an object
  at AstarAI.Start () [0x00000] in <filename unknown>:0 
  at AstarAI.Update () [0x00000] in <filename unknown>:0 
 
(Filename:  Line: -1)

NullReferenceException: Object reference not set to an instance of an object
  at AstarAI.Start () [0x00000] in <filename unknown>:0 
  at AstarAI.Update () [0x00000] in <filename unknown>:0 
 
(Filename:  Line: -1)

NullReferenceException: Object reference not set to an instance of an object
  at AstarAI.Start () [0x00000] in <filename unknown>:0 
  at AstarAI.Update () [0x00000] in <filename unknown>:0 
 
(Filename:  Line: -1)

NullReferenceException: Object reference not set to an instance of an object
  at AstarAI.Start () [0x00000] in <filename unknown>:0 
  at AstarAI.Update () [0x00000] in <filename unknown>:0 
 
(Filename:  Line: -1)

NullReferenceException: Object reference not set to an instance of an object
  at AstarAI.Start () [0x00000] in <filename unknown>:0 
  at AstarAI.Update () [0x00000] in <filename unknown>:0 
 
(Filename:  Line: -1)

NullReferenceException: Object reference not set to an instance of an object
  at AstarAI.Start () [0x00000] in <filename unknown>:0 
  at AstarAI.Update () [0x00000] in <filename unknown>:0 
 
(Filename:  Line: -1)

End Of Path Reached
 
(Filename: C:/buildslave/unity/build/artifacts/generated/common/runtime/UnityEngineDebugBindings.gen.cpp Line: 37)

NullReferenceException: Object reference not set to an instance of an object
  at AstarAI.Start () [0x00000] in <filename unknown>:0 
  at AstarAI.Update () [0x00000] in <filename unknown>:0 
 
(Filename:  Line: -1)

NullReferenceException: Object reference not set to an instance of an object
  at AstarAI.Start () [0x00000] in <filename unknown>:0 
  at AstarAI.Update () [0x00000] in <filename unknown>:0 
 
(Filename:  Line: -1)

Path Completed : Computation Time 0.00 ms Searched Nodes 3 Path Length 3
Path Number 105
 
(Filename: C:/buildslave/unity/build/artifacts/generated/common/runtime/UnityEngineDebugBindings.gen.cpp Line: 37)

Yay, we got a path back. Did it have an error? False
 
(Filename: C:/buildslave/unity/build/artifacts/generated/common/runtime/UnityEngineDebugBindings.gen.cpp Line: 37)

NullReferenceException: Object reference not set to an instance of an object
  at AstarAI.Start () [0x00000] in <filename unknown>:0 
  at AstarAI.Update () [0x00000] in <filename unknown>:0 
 
(Filename:  Line: -1)

NullReferenceException: Object reference not set to an instance of an object
  at AstarAI.Start () [0x00000] in <filename unknown>:0 
  at AstarAI.Update () [0x00000] in <filename unknown>:0 
 
(Filename:  Line: -1)

NullReferenceException: Object reference not set to an instance of an object
  at AstarAI.Start () [0x00000] in <filename unknown>:0 
  at AstarAI.Update () [0x00000] in <filename unknown>:0 
 
(Filename:  Line: -1)

NullReferenceException: Object reference not set to an instance of an object
  at AstarAI.Start () [0x00000] in <filename unknown>:0 
  at AstarAI.Update () [0x00000] in <filename unknown>:0 
 
(Filename:  Line: -1)

NullReferenceException: Object reference not set to an instance of an object
  at AstarAI.Start () [0x00000] in <filename unknown>:0 
  at AstarAI.Update () [0x00000] in <filename unknown>:0 
 
(Filename:  Line: -1)

NullReferenceException: Object reference not set to an instance of an object
  at AstarAI.Start () [0x00000] in <filename unknown>:0 
  at AstarAI.Update () [0x00000] in <filename unknown>:0 
 
(Filename:  Line: -1)

End Of Path Reached
 
(Filename: C:/buildslave/unity/build/artifacts/generated/common/runtime/UnityEngineDebugBindings.gen.cpp Line: 37)

NullReferenceException: Object reference not set to an instance of an object
  at AstarAI.Start () [0x00000] in <filename unknown>:0 
  at AstarAI.Update () [0x00000] in <filename unknown>:0 
 
(Filename:  Line: -1)

NullReferenceException: Object reference not set to an instance of an object
  at AstarAI.Start () [0x00000] in <filename unknown>:0 
  at AstarAI.Update () [0x00000] in <filename unknown>:0 
 
(Filename:  Line: -1)

Path Completed : Computation Time 0.00 ms Searched Nodes 7 Path Length 4
Path Number 106
 
(Filename: C:/buildslave/unity/build/artifacts/generated/common/runtime/UnityEngineDebugBindings.gen.cpp Line: 37)

Yay, we got a path back. Did it have an error? False
 
(Filename: C:/buildslave/unity/build/artifacts/generated/common/runtime/UnityEngineDebugBindings.gen.cpp Line: 37)

NullReferenceException: Object reference not set to an instance of an object
  at AstarAI.Start () [0x00000] in <filename unknown>:0 
  at AstarAI.Update () [0x00000] in <filename unknown>:0 
 
(Filename:  Line: -1)

NullReferenceException: Object reference not set to an instance of an object
  at AstarAI.Start () [0x00000] in <filename unknown>:0 
  at AstarAI.Update () [0x00000] in <filename unknown>:0 
 
(Filename:  Line: -1)

NullReferenceException: Object reference not set to an instance of an object
  at AstarAI.Start () [0x00000] in <filename unknown>:0 
  at AstarAI.Update () [0x00000] in <filename unknown>:0 
 
(Filename:  Line: -1)

NullReferenceException: Object reference not set to an instance of an object
  at AstarAI.Start () [0x00000] in <filename unknown>:0 
  at AstarAI.Update () [0x00000] in <filename unknown>:0 
 
(Filename:  Line: -1)

NullReferenceException: Object reference not set to an instance of an object
  at AstarAI.Start () [0x00000] in <filename unknown>:0 
  at AstarAI.Update () [0x00000] in <filename unknown>:0 
 
(Filename:  Line: -1)

NullReferenceException: Object reference not set to an instance of an object
  at AstarAI.Start () [0x00000] in <filename unknown>:0 
  at AstarAI.Update () [0x00000] in <filename unknown>:0 
 
(Filename:  Line: -1)

End Of Path Reached
 
(Filename: C:/buildslave/unity/build/artifacts/generated/common/runtime/UnityEngineDebugBindings.gen.cpp Line: 37)

NullReferenceException: Object reference not set to an instance of an object
  at AstarAI.Start () [0x00000] in <filename unknown>:0 
  at AstarAI.Update () [0x00000] in <filename unknown>:0 
 
(Filename:  Line: -1)

NullReferenceException: Object reference not set to an instance of an object
  at AstarAI.Start () [0x00000] in <filename unknown>:0 
  at AstarAI.Update () [0x00000] in <filename unknown>:0 
 
(Filename:  Line: -1)

Path Completed : Computation Time 0.00 ms Searched Nodes 6 Path Length 4
Path Number 107
 
(Filename: C:/buildslave/unity/build/artifacts/generated/common/runtime/UnityEngineDebugBindings.gen.cpp Line: 37)

Yay, we got a path back. Did it have an error? False
 
(Filename: C:/buildslave/unity/build/artifacts/generated/common/runtime/UnityEngineDebugBindings.gen.cpp Line: 37)

NullReferenceException: Object reference not set to an instance of an object
  at AstarAI.Start () [0x00000] in <filename unknown>:0 
  at AstarAI.Update () [0x00000] in <filename unknown>:0 
 
(Filename:  Line: -1)

NullReferenceException: Object reference not set to an instance of an object
  at AstarAI.Start () [0x00000] in <filename unknown>:0 
  at AstarAI.Update () [0x00000] in <filename unknown>:0 
 
(Filename:  Line: -1)

NullReferenceException: Object reference not set to an instance of an object
  at AstarAI.Start () [0x00000] in <filename unknown>:0 
  at AstarAI.Update () [0x00000] in <filename unknown>:0 
 
(Filename:  Line: -1)

End Of Path Reached
 
(Filename: C:/buildslave/unity/build/artifacts/generated/common/runtime/UnityEngineDebugBindings.gen.cpp Line: 37)

NullReferenceException: Object reference not set to an instance of an object
  at AstarAI.Start () [0x00000] in <filename unknown>:0 
  at AstarAI.Update () [0x00000] in <filename unknown>:0 
 
(Filename:  Line: -1)

Path Completed : Computation Time 0.00 ms Searched Nodes 4 Path Length 4
Path Number 108
 
(Filename: C:/buildslave/unity/build/artifacts/generated/common/runtime/UnityEngineDebugBindings.gen.cpp Line: 37)

Yay, we got a path back. Did it have an error? False
 
(Filename: C:/buildslave/unity/build/artifacts/generated/common/runtime/UnityEngineDebugBindings.gen.cpp Line: 37)

NullReferenceException: Object reference not set to an instance of an object
  at AstarAI.Start () [0x00000] in <filename unknown>:0 
  at AstarAI.Update () [0x00000] in <filename unknown>:0 
 
(Filename:  Line: -1)

NullReferenceException: Object reference not set to an instance of an object
  at AstarAI.Start () [0x00000] in <filename unknown>:0 
  at AstarAI.Update () [0x00000] in <filename unknown>:0 
 
(Filename:  Line: -1)

NullReferenceException: Object reference not set to an instance of an object
  at AstarAI.Start () [0x00000] in <filename unknown>:0 
  at AstarAI.Update () [0x00000] in <filename unknown>:0 
 
(Filename:  Line: -1)

End Of Path Reached
 
(Filename: C:/buildslave/unity/build/artifacts/generated/common/runtime/UnityEngineDebugBindings.gen.cpp Line: 37)

NullReferenceException: Object reference not set to an instance of an object
  at AstarAI.Start () [0x00000] in <filename unknown>:0 
  at AstarAI.Update () [0x00000] in <filename unknown>:0 
 
(Filename:  Line: -1)

Path Completed : Computation Time 0.00 ms Searched Nodes 3 Path Length 3
Path Number 109
 
(Filename: C:/buildslave/unity/build/artifacts/generated/common/runtime/UnityEngineDebugBindings.gen.cpp Line: 37)

Yay, we got a path back. Did it have an error? False
 
(Filename: C:/buildslave/unity/build/artifacts/generated/common/runtime/UnityEngineDebugBindings.gen.cpp Line: 37)

NullReferenceException: Object reference not set to an instance of an object
  at AstarAI.Start () [0x00000] in <filename unknown>:0 
  at AstarAI.Update () [0x00000] in <filename unknown>:0 
 
(Filename:  Line: -1)

NullReferenceException: Object reference not set to an instance of an object
  at AstarAI.Start () [0x00000] in <filename unknown>:0 
  at AstarAI.Update () [0x00000] in <filename unknown>:0 
 
(Filename:  Line: -1)

NullReferenceException: Object reference not set to an instance of an object
  at AstarAI.Start () [0x00000] in <filename unknown>:0 
  at AstarAI.Update () [0x00000] in <filename unknown>:0 
 
(Filename:  Line: -1)

End Of Path Reached
 
(Filename: C:/buildslave/unity/build/artifacts/generated/common/runtime/UnityEngineDebugBindings.gen.cpp Line: 37)

NullReferenceException: Object reference not set to an instance of an object
  at AstarAI.Start () [0x00000] in <filename unknown>:0 
  at AstarAI.Update () [0x00000] in <filename unknown>:0 
 
(Filename:  Line: -1)

Path Completed : Computation Time 0.00 ms Searched Nodes 7 Path Length 4
Path Number 110
 
(Filename: C:/buildslave/unity/build/artifacts/generated/common/runtime/UnityEngineDebugBindings.gen.cpp Line: 37)

Yay, we got a path back. Did it have an error? False
 
(Filename: C:/buildslave/unity/build/artifacts/generated/common/runtime/UnityEngineDebugBindings.gen.cpp Line: 37)

End Of Path Reached
 
(Filename: C:/buildslave/unity/build/artifacts/generated/common/runtime/UnityEngineDebugBindings.gen.cpp Line: 37)

Path Completed : Computation Time 0.00 ms Searched Nodes 5 Path Length 4
Path Number 111
 
(Filename: C:/buildslave/unity/build/artifacts/generated/common/runtime/UnityEngineDebugBindings.gen.cpp Line: 37)

Yay, we got a path back. Did it have an error? False
 
(Filename: C:/buildslave/unity/build/artifacts/generated/common/runtime/UnityEngineDebugBindings.gen.cpp Line: 37)

End Of Path Reached
 
(Filename: C:/buildslave/unity/build/artifacts/generated/common/runtime/UnityEngineDebugBindings.gen.cpp Line: 37)

Path Completed : Computation Time 0.00 ms Searched Nodes 4 Path Length 4
Path Number 112
 
(Filename: C:/buildslave/unity/build/artifacts/generated/common/runtime/UnityEngineDebugBindings.gen.cpp Line: 37)

Yay, we got a path back. Did it have an error? False
 
(Filename: C:/buildslave/unity/build/artifacts/generated/common/runtime/UnityEngineDebugBindings.gen.cpp Line: 37)

End Of Path Reached
 
(Filename: C:/buildslave/unity/build/artifacts/generated/common/runtime/UnityEngineDebugBindings.gen.cpp Line: 37)

Path Completed : Computation Time 0.00 ms Searched Nodes 8 Path Length 4
Path Number 113
 
(Filename: C:/buildslave/unity/build/artifacts/generated/common/runtime/UnityEngineDebugBindings.gen.cpp Line: 37)

Yay, we got a path back. Did it have an error? False
 
(Filename: C:/buildslave/unity/build/artifacts/generated/common/runtime/UnityEngineDebugBindings.gen.cpp Line: 37)

End Of Path Reached
 
(Filename: C:/buildslave/unity/build/artifacts/generated/common/runtime/UnityEngineDebugBindings.gen.cpp Line: 37)

Path Completed : Computation Time 0.00 ms Searched Nodes 5 Path Length 4
Path Number 114
 
(Filename: C:/buildslave/unity/build/artifacts/generated/common/runtime/UnityEngineDebugBindings.gen.cpp Line: 37)

Yay, we got a path back. Did it have an error? False
 
(Filename: C:/buildslave/unity/build/artifacts/generated/common/runtime/UnityEngineDebugBindings.gen.cpp Line: 37)

End Of Path Reached
 
(Filename: C:/buildslave/unity/build/artifacts/generated/common/runtime/UnityEngineDebugBindings.gen.cpp Line: 37)

Path Completed : Computation Time 0.00 ms Searched Nodes 4 Path Length 4
Path Number 115
 
(Filename: C:/buildslave/unity/build/artifacts/generated/common/runtime/UnityEngineDebugBindings.gen.cpp Line: 37)

Yay, we got a path back. Did it have an error? False
 
(Filename: C:/buildslave/unity/build/artifacts/generated/common/runtime/UnityEngineDebugBindings.gen.cpp Line: 37)

End Of Path Reached
 
(Filename: C:/buildslave/unity/build/artifacts/generated/common/runtime/UnityEngineDebugBindings.gen.cpp Line: 37)

Path Completed : Computation Time 0.00 ms Searched Nodes 4 Path Length 4
Path Number 116
 
(Filename: C:/buildslave/unity/build/artifacts/generated/common/runtime/UnityEngineDebugBindings.gen.cpp Line: 37)

Yay, we got a path back. Did it have an error? False
 
(Filename: C:/buildslave/unity/build/artifacts/generated/common/runtime/UnityEngineDebugBindings.gen.cpp Line: 37)

End Of Path Reached
 
(Filename: C:/buildslave/unity/build/artifacts/generated/common/runtime/UnityEngineDebugBindings.gen.cpp Line: 37)

Path Completed : Computation Time 0.00 ms Searched Nodes 6 Path Length 4
Path Number 117
 
(Filename: C:/buildslave/unity/build/artifacts/generated/common/runtime/UnityEngineDebugBindings.gen.cpp Line: 37)

Yay, we got a path back. Did it have an error? False
 
(Filename: C:/buildslave/unity/build/artifacts/generated/common/runtime/UnityEngineDebugBindings.gen.cpp Line: 37)

End Of Path Reached
 
(Filename: C:/buildslave/unity/build/artifacts/generated/common/runtime/UnityEngineDebugBindings.gen.cpp Line: 37)

Path Completed : Computation Time 0.00 ms Searched Nodes 5 Path Length 4
Path Number 118
 
(Filename: C:/buildslave/unity/build/artifacts/generated/common/runtime/UnityEngineDebugBindings.gen.cpp Line: 37)

Yay, we got a path back. Did it have an error? False
 
(Filename: C:/buildslave/unity/build/artifacts/generated/common/runtime/UnityEngineDebugBindings.gen.cpp Line: 37)

End Of Path Reached
 
(Filename: C:/buildslave/unity/build/artifacts/generated/common/runtime/UnityEngineDebugBindings.gen.cpp Line: 37)

Path Completed : Computation Time 0.00 ms Searched Nodes 5 Path Length 4
Path Number 119
 
(Filename: C:/buildslave/unity/build/artifacts/generated/common/runtime/UnityEngineDebugBindings.gen.cpp Line: 37)

Yay, we got a path back. Did it have an error? False
 
(Filename: C:/buildslave/unity/build/artifacts/generated/common/runtime/UnityEngineDebugBindings.gen.cpp Line: 37)

End Of Path Reached
 
(Filename: C:/buildslave/unity/build/artifacts/generated/common/runtime/UnityEngineDebugBindings.gen.cpp Line: 37)

Path Completed : Computation Time 0.00 ms Searched Nodes 3 Path Length 3
Path Number 120
 
(Filename: C:/buildslave/unity/build/artifacts/generated/common/runtime/UnityEngineDebugBindings.gen.cpp Line: 37)

Yay, we got a path back. Did it have an error? False
 
(Filename: C:/buildslave/unity/build/artifacts/generated/common/runtime/UnityEngineDebugBindings.gen.cpp Line: 37)

End Of Path Reached
 
(Filename: C:/buildslave/unity/build/artifacts/generated/common/runtime/UnityEngineDebugBindings.gen.cpp Line: 37)

Path Completed : Computation Time 0.00 ms Searched Nodes 3 Path Length 3
Path Number 121
 
(Filename: C:/buildslave/unity/build/artifacts/generated/common/runtime/UnityEngineDebugBindings.gen.cpp Line: 37)

Yay, we got a path back. Did it have an error? False
 
(Filename: C:/buildslave/unity/build/artifacts/generated/common/runtime/UnityEngineDebugBindings.gen.cpp Line: 37)

End Of Path Reached
 
(Filename: C:/buildslave/unity/build/artifacts/generated/common/runtime/UnityEngineDebugBindings.gen.cpp Line: 37)

Path Completed : Computation Time 0.00 ms Searched Nodes 3 Path Length 3
Path Number 122
 
(Filename: C:/buildslave/unity/build/artifacts/generated/common/runtime/UnityEngineDebugBindings.gen.cpp Line: 37)

Yay, we got a path back. Did it have an error? False
 
(Filename: C:/buildslave/unity/build/artifacts/generated/common/runtime/UnityEngineDebugBindings.gen.cpp Line: 37)

End Of Path Reached
 
(Filename: C:/buildslave/unity/build/artifacts/generated/common/runtime/UnityEngineDebugBindings.gen.cpp Line: 37)

Path Completed : Computation Time 0.00 ms Searched Nodes 3 Path Length 3
Path Number 123
 
(Filename: C:/buildslave/unity/build/artifacts/generated/common/runtime/UnityEngineDebugBindings.gen.cpp Line: 37)

Yay, we got a path back. Did it have an error? False
 
(Filename: C:/buildslave/unity/build/artifacts/generated/common/runtime/UnityEngineDebugBindings.gen.cpp Line: 37)

End Of Path Reached
 
(Filename: C:/buildslave/unity/build/artifacts/generated/common/runtime/UnityEngineDebugBindings.gen.cpp Line: 37)

Path Completed : Computation Time 0.00 ms Searched Nodes 3 Path Length 3
Path Number 124
 
(Filename: C:/buildslave/unity/build/artifacts/generated/common/runtime/UnityEngineDebugBindings.gen.cpp Line: 37)

Yay, we got a path back. Did it have an error? False
 
(Filename: C:/buildslave/unity/build/artifacts/generated/common/runtime/UnityEngineDebugBindings.gen.cpp Line: 37)

End Of Path Reached
 
(Filename: C:/buildslave/unity/build/artifacts/generated/common/runtime/UnityEngineDebugBindings.gen.cpp Line: 37)

Path Completed : Computation Time 0.00 ms Searched Nodes 3 Path Length 3
Path Number 125
 
(Filename: C:/buildslave/unity/build/artifacts/generated/common/runtime/UnityEngineDebugBindings.gen.cpp Line: 37)

Yay, we got a path back. Did it have an error? False
 
(Filename: C:/buildslave/unity/build/artifacts/generated/common/runtime/UnityEngineDebugBindings.gen.cpp Line: 37)

End Of Path Reached
 
(Filename: C:/buildslave/unity/build/artifacts/generated/common/runtime/UnityEngineDebugBindings.gen.cpp Line: 37)

Path Completed : Computation Time 0.00 ms Searched Nodes 2 Path Length 2
Path Number 126
 
(Filename: C:/buildslave/unity/build/artifacts/generated/common/runtime/UnityEngineDebugBindings.gen.cpp Line: 37)

Yay, we got a path back. Did it have an error? False
 
(Filename: C:/buildslave/unity/build/artifacts/generated/common/runtime/UnityEngineDebugBindings.gen.cpp Line: 37)

End Of Path Reached
 
(Filename: C:/buildslave/unity/build/artifacts/generated/common/runtime/UnityEngineDebugBindings.gen.cpp Line: 37)

Path Completed : Computation Time 0.00 ms Searched Nodes 2 Path Length 2
Path Number 127
 
(Filename: C:/buildslave/unity/build/artifacts/generated/common/runtime/UnityEngineDebugBindings.gen.cpp Line: 37)

Yay, we got a path back. Did it have an error? False
 
(Filename: C:/buildslave/unity/build/artifacts/generated/common/runtime/UnityEngineDebugBindings.gen.cpp Line: 37)

End Of Path Reached
 
(Filename: C:/buildslave/unity/build/artifacts/generated/common/runtime/UnityEngineDebugBindings.gen.cpp Line: 37)

Path Completed : Computation Time 0.00 ms Searched Nodes 2 Path Length 2
Path Number 128
 
(Filename: C:/buildslave/unity/build/artifacts/generated/common/runtime/UnityEngineDebugBindings.gen.cpp Line: 37)

Yay, we got a path back. Did it have an error? False
 
(Filename: C:/buildslave/unity/build/artifacts/generated/common/runtime/UnityEngineDebugBindings.gen.cpp Line: 37)

End Of Path Reached
 
(Filename: C:/buildslave/unity/build/artifacts/generated/common/runtime/UnityEngineDebugBindings.gen.cpp Line: 37)

Path Completed : Computation Time 0.00 ms Searched Nodes 2 Path Length 2
Path Number 129
 
(Filename: C:/buildslave/unity/build/artifacts/generated/common/runtime/UnityEngineDebugBindings.gen.cpp Line: 37)

Yay, we got a path back. Did it have an error? False
 
(Filename: C:/buildslave/unity/build/artifacts/generated/common/runtime/UnityEngineDebugBindings.gen.cpp Line: 37)

End Of Path Reached
 
(Filename: C:/buildslave/unity/build/artifacts/generated/common/runtime/UnityEngineDebugBindings.gen.cpp Line: 37)

Path Completed : Computation Time 0.00 ms Searched Nodes 2 Path Length 2
Path Number 130
 
(Filename: C:/buildslave/unity/build/artifacts/generated/common/runtime/UnityEngineDebugBindings.gen.cpp Line: 37)

Yay, we got a path back. Did it have an error? False
 
(Filename: C:/buildslave/unity/build/artifacts/generated/common/runtime/UnityEngineDebugBindings.gen.cpp Line: 37)

End Of Path Reached
 
(Filename: C:/buildslave/unity/build/artifacts/generated/common/runtime/UnityEngineDebugBindings.gen.cpp Line: 37)

Path Completed : Computation Time 0.00 ms Searched Nodes 2 Path Length 2
Path Number 131
 
(Filename: C:/buildslave/unity/build/artifacts/generated/common/runtime/UnityEngineDebugBindings.gen.cpp Line: 37)

Yay, we got a path back. Did it have an error? False
 
(Filename: C:/buildslave/unity/build/artifacts/generated/common/runtime/UnityEngineDebugBindings.gen.cpp Line: 37)

End Of Path Reached
 
(Filename: C:/buildslave/unity/build/artifacts/generated/common/runtime/UnityEngineDebugBindings.gen.cpp Line: 37)

Path Completed : Computation Time 0.00 ms Searched Nodes 2 Path Length 2
Path Number 132
 
(Filename: C:/buildslave/unity/build/artifacts/generated/common/runtime/UnityEngineDebugBindings.gen.cpp Line: 37)

Yay, we got a path back. Did it have an error? False
 
(Filename: C:/buildslave/unity/build/artifacts/generated/common/runtime/UnityEngineDebugBindings.gen.cpp Line: 37)

End Of Path Reached
 
(Filename: C:/buildslave/unity/build/artifacts/generated/common/runtime/UnityEngineDebugBindings.gen.cpp Line: 37)

Path Completed : Computation Time 0.00 ms Searched Nodes 2 Path Length 2
Path Number 133
 
(Filename: C:/buildslave/unity/build/artifacts/generated/common/runtime/UnityEngineDebugBindings.gen.cpp Line: 37)

Yay, we got a path back. Did it have an error? False
 
(Filename: C:/buildslave/unity/build/artifacts/generated/common/runtime/UnityEngineDebugBindings.gen.cpp Line: 37)

End Of Path Reached
 
(Filename: C:/buildslave/unity/build/artifacts/generated/common/runtime/UnityEngineDebugBindings.gen.cpp Line: 37)

Path Completed : Computation Time 0.00 ms Searched Nodes 2 Path Length 2
Path Number 134
 
(Filename: C:/buildslave/unity/build/artifacts/generated/common/runtime/UnityEngineDebugBindings.gen.cpp Line: 37)

Yay, we got a path back. Did it have an error? False
 
(Filename: C:/buildslave/unity/build/artifacts/generated/common/runtime/UnityEngineDebugBindings.gen.cpp Line: 37)

End Of Path Reached
 
(Filename: C:/buildslave/unity/build/artifacts/generated/common/runtime/UnityEngineDebugBindings.gen.cpp Line: 37)

Path Completed : Computation Time 0.00 ms Searched Nodes 2 Path Length 2
Path Number 135
 
(Filename: C:/buildslave/unity/build/artifacts/generated/common/runtime/UnityEngineDebugBindings.gen.cpp Line: 37)

Yay, we got a path back. Did it have an error? False
 
(Filename: C:/buildslave/unity/build/artifacts/generated/common/runtime/UnityEngineDebugBindings.gen.cpp Line: 37)

End Of Path Reached
 
(Filename: C:/buildslave/unity/build/artifacts/generated/common/runtime/UnityEngineDebugBindings.gen.cpp Line: 37)

Path Completed : Computation Time 0.00 ms Searched Nodes 2 Path Length 2
Path Number 136
 
(Filename: C:/buildslave/unity/build/artifacts/generated/common/runtime/UnityEngineDebugBindings.gen.cpp Line: 37)

Yay, we got a path back. Did it have an error? False
 
(Filename: C:/buildslave/unity/build/artifacts/generated/common/runtime/UnityEngineDebugBindings.gen.cpp Line: 37)

End Of Path Reached
 
(Filename: C:/buildslave/unity/build/artifacts/generated/common/runtime/UnityEngineDebugBindings.gen.cpp Line: 37)

Path Completed : Computation Time 0.00 ms Searched Nodes 2 Path Length 2
Path Number 137
 
(Filename: C:/buildslave/unity/build/artifacts/generated/common/runtime/UnityEngineDebugBindings.gen.cpp Line: 37)

Yay, we got a path back. Did it have an error? False
 
(Filename: C:/buildslave/unity/build/artifacts/generated/common/runtime/UnityEngineDebugBindings.gen.cpp Line: 37)

End Of Path Reached
 
(Filename: C:/buildslave/unity/build/artifacts/generated/common/runtime/UnityEngineDebugBindings.gen.cpp Line: 37)

Path Completed : Computation Time 0.00 ms Searched Nodes 2 Path Length 2
Path Number 138
 
(Filename: C:/buildslave/unity/build/artifacts/generated/common/runtime/UnityEngineDebugBindings.gen.cpp Line: 37)

Yay, we got a path back. Did it have an error? False
 
(Filename: C:/buildslave/unity/build/artifacts/generated/common/runtime/UnityEngineDebugBindings.gen.cpp Line: 37)

End Of Path Reached
 
(Filename: C:/buildslave/unity/build/artifacts/generated/common/runtime/UnityEngineDebugBindings.gen.cpp Line: 37)

Path Completed : Computation Time 0.00 ms Searched Nodes 2 Path Length 2
Path Number 139
 
(Filename: C:/buildslave/unity/build/artifacts/generated/common/runtime/UnityEngineDebugBindings.gen.cpp Line: 37)

Yay, we got a path back. Did it have an error? False
 
(Filename: C:/buildslave/unity/build/artifacts/generated/common/runtime/UnityEngineDebugBindings.gen.cpp Line: 37)

End Of Path Reached
 
(Filename: C:/buildslave/unity/build/artifacts/generated/common/runtime/UnityEngineDebugBindings.gen.cpp Line: 37)

Path Completed : Computation Time 0.00 ms Searched Nodes 2 Path Length 2
Path Number 140
 
(Filename: C:/buildslave/unity/build/artifacts/generated/common/runtime/UnityEngineDebugBindings.gen.cpp Line: 37)

Yay, we got a path back. Did it have an error? False
 
(Filename: C:/buildslave/unity/build/artifacts/generated/common/runtime/UnityEngineDebugBindings.gen.cpp Line: 37)

End Of Path Reached
 
(Filename: C:/buildslave/unity/build/artifacts/generated/common/runtime/UnityEngineDebugBindings.gen.cpp Line: 37)

Path Completed : Computation Time 0.00 ms Searched Nodes 2 Path Length 2
Path Number 141
 
(Filename: C:/buildslave/unity/build/artifacts/generated/common/runtime/UnityEngineDebugBindings.gen.cpp Line: 37)

Yay, we got a path back. Did it have an error? False
 
(Filename: C:/buildslave/unity/build/artifacts/generated/common/runtime/UnityEngineDebugBindings.gen.cpp Line: 37)

End Of Path Reached
 
(Filename: C:/buildslave/unity/build/artifacts/generated/common/runtime/UnityEngineDebugBindings.gen.cpp Line: 37)

Path Completed : Computation Time 0.00 ms Searched Nodes 2 Path Length 2
Path Number 142
 
(Filename: C:/buildslave/unity/build/artifacts/generated/common/runtime/UnityEngineDebugBindings.gen.cpp Line: 37)

Yay, we got a path back. Did it have an error? False
 
(Filename: C:/buildslave/unity/build/artifacts/generated/common/runtime/UnityEngineDebugBindings.gen.cpp Line: 37)

End Of Path Reached
 
(Filename: C:/buildslave/unity/build/artifacts/generated/common/runtime/UnityEngineDebugBindings.gen.cpp Line: 37)

Path Completed : Computation Time 0.00 ms Searched Nodes 2 Path Length 2
Path Number 143
 
(Filename: C:/buildslave/unity/build/artifacts/generated/common/runtime/UnityEngineDebugBindings.gen.cpp Line: 37)

Yay, we got a path back. Did it have an error? False
 
(Filename: C:/buildslave/unity/build/artifacts/generated/common/runtime/UnityEngineDebugBindings.gen.cpp Line: 37)

End Of Path Reached
 
(Filename: C:/buildslave/unity/build/artifacts/generated/common/runtime/UnityEngineDebugBindings.gen.cpp Line: 37)

Path Completed : Computation Time 0.00 ms Searched Nodes 2 Path Length 2
Path Number 144
 
(Filename: C:/buildslave/unity/build/artifacts/generated/common/runtime/UnityEngineDebugBindings.gen.cpp Line: 37)

Yay, we got a path back. Did it have an error? False
 
(Filename: C:/buildslave/unity/build/artifacts/generated/common/runtime/UnityEngineDebugBindings.gen.cpp Line: 37)

End Of Path Reached
 
(Filename: C:/buildslave/unity/build/artifacts/generated/common/runtime/UnityEngineDebugBindings.gen.cpp Line: 37)

Path Completed : Computation Time 0.00 ms Searched Nodes 3 Path Length 2
Path Number 145
 
(Filename: C:/buildslave/unity/build/artifacts/generated/common/runtime/UnityEngineDebugBindings.gen.cpp Line: 37)

Yay, we got a path back. Did it have an error? False
 
(Filename: C:/buildslave/unity/build/artifacts/generated/common/runtime/UnityEngineDebugBindings.gen.cpp Line: 37)

End Of Path Reached
 
(Filename: C:/buildslave/unity/build/artifacts/generated/common/runtime/UnityEngineDebugBindings.gen.cpp Line: 37)

Path Completed : Computation Time 0.00 ms Searched Nodes 2 Path Length 2
Path Number 146
 
(Filename: C:/buildslave/unity/build/artifacts/generated/common/runtime/UnityEngineDebugBindings.gen.cpp Line: 37)

Yay, we got a path back. Did it have an error? False
 
(Filename: C:/buildslave/unity/build/artifacts/generated/common/runtime/UnityEngineDebugBindings.gen.cpp Line: 37)

End Of Path Reached
 
(Filename: C:/buildslave/unity/build/artifacts/generated/common/runtime/UnityEngineDebugBindings.gen.cpp Line: 37)

Path Completed : Computation Time 0.00 ms Searched Nodes 2 Path Length 2
Path Number 147
 
(Filename: C:/buildslave/unity/build/artifacts/generated/common/runtime/UnityEngineDebugBindings.gen.cpp Line: 37)

Yay, we got a path back. Did it have an error? False
 
(Filename: C:/buildslave/unity/build/artifacts/generated/common/runtime/UnityEngineDebugBindings.gen.cpp Line: 37)

End Of Path Reached
 
(Filename: C:/buildslave/unity/build/artifacts/generated/common/runtime/UnityEngineDebugBindings.gen.cpp Line: 37)

Path Completed : Computation Time 0.00 ms Searched Nodes 2 Path Length 2
Path Number 148
 
(Filename: C:/buildslave/unity/build/artifacts/generated/common/runtime/UnityEngineDebugBindings.gen.cpp Line: 37)

Yay, we got a path back. Did it have an error? False
 
(Filename: C:/buildslave/unity/build/artifacts/generated/common/runtime/UnityEngineDebugBindings.gen.cpp Line: 37)

End Of Path Reached
 
(Filename: C:/buildslave/unity/build/artifacts/generated/common/runtime/UnityEngineDebugBindings.gen.cpp Line: 37)

Path Completed : Computation Time 0.00 ms Searched Nodes 2 Path Length 2
Path Number 149
 
(Filename: C:/buildslave/unity/build/artifacts/generated/common/runtime/UnityEngineDebugBindings.gen.cpp Line: 37)

Yay, we got a path back. Did it have an error? False
 
(Filename: C:/buildslave/unity/build/artifacts/generated/common/runtime/UnityEngineDebugBindings.gen.cpp Line: 37)

End Of Path Reached
 
(Filename: C:/buildslave/unity/build/artifacts/generated/common/runtime/UnityEngineDebugBindings.gen.cpp Line: 37)

Path Completed : Computation Time 0.00 ms Searched Nodes 2 Path Length 2
Path Number 150
 
(Filename: C:/buildslave/unity/build/artifacts/generated/common/runtime/UnityEngineDebugBindings.gen.cpp Line: 37)

Yay, we got a path back. Did it have an error? False
 
(Filename: C:/buildslave/unity/build/artifacts/generated/common/runtime/UnityEngineDebugBindings.gen.cpp Line: 37)

End Of Path Reached
 
(Filename: C:/buildslave/unity/build/artifacts/generated/common/runtime/UnityEngineDebugBindings.gen.cpp Line: 37)

Path Completed : Computation Time 0.00 ms Searched Nodes 2 Path Length 2
Path Number 151
 
(Filename: C:/buildslave/unity/build/artifacts/generated/common/runtime/UnityEngineDebugBindings.gen.cpp Line: 37)

Yay, we got a path back. Did it have an error? False
 
(Filename: C:/buildslave/unity/build/artifacts/generated/common/runtime/UnityEngineDebugBindings.gen.cpp Line: 37)

End Of Path Reached
 
(Filename: C:/buildslave/unity/build/artifacts/generated/common/runtime/UnityEngineDebugBindings.gen.cpp Line: 37)

Path Completed : Computation Time 0.00 ms Searched Nodes 2 Path Length 2
Path Number 152
 
(Filename: C:/buildslave/unity/build/artifacts/generated/common/runtime/UnityEngineDebugBindings.gen.cpp Line: 37)

Yay, we got a path back. Did it have an error? False
 
(Filename: C:/buildslave/unity/build/artifacts/generated/common/runtime/UnityEngineDebugBindings.gen.cpp Line: 37)

End Of Path Reached
 
(Filename: C:/buildslave/unity/build/artifacts/generated/common/runtime/UnityEngineDebugBindings.gen.cpp Line: 37)

Path Completed : Computation Time 0.00 ms Searched Nodes 2 Path Length 2
Path Number 153
 
(Filename: C:/buildslave/unity/build/artifacts/generated/common/runtime/UnityEngineDebugBindings.gen.cpp Line: 37)

Yay, we got a path back. Did it have an error? False
 
(Filename: C:/buildslave/unity/build/artifacts/generated/common/runtime/UnityEngineDebugBindings.gen.cpp Line: 37)

End Of Path Reached
 
(Filename: C:/buildslave/unity/build/artifacts/generated/common/runtime/UnityEngineDebugBindings.gen.cpp Line: 37)

Path Completed : Computation Time 0.00 ms Searched Nodes 2 Path Length 2
Path Number 154
 
(Filename: C:/buildslave/unity/build/artifacts/generated/common/runtime/UnityEngineDebugBindings.gen.cpp Line: 37)

Yay, we got a path back. Did it have an error? False
 
(Filename: C:/buildslave/unity/build/artifacts/generated/common/runtime/UnityEngineDebugBindings.gen.cpp Line: 37)

End Of Path Reached
 
(Filename: C:/buildslave/unity/build/artifacts/generated/common/runtime/UnityEngineDebugBindings.gen.cpp Line: 37)

Path Completed : Computation Time 0.00 ms Searched Nodes 2 Path Length 2
Path Number 155
 
(Filename: C:/buildslave/unity/build/artifacts/generated/common/runtime/UnityEngineDebugBindings.gen.cpp Line: 37)

Yay, we got a path back. Did it have an error? False
 
(Filename: C:/buildslave/unity/build/artifacts/generated/common/runtime/UnityEngineDebugBindings.gen.cpp Line: 37)

End Of Path Reached
 
(Filename: C:/buildslave/unity/build/artifacts/generated/common/runtime/UnityEngineDebugBindings.gen.cpp Line: 37)

Path Completed : Computation Time 0.00 ms Searched Nodes 2 Path Length 2
Path Number 156
 
(Filename: C:/buildslave/unity/build/artifacts/generated/common/runtime/UnityEngineDebugBindings.gen.cpp Line: 37)

Yay, we got a path back. Did it have an error? False
 
(Filename: C:/buildslave/unity/build/artifacts/generated/common/runtime/UnityEngineDebugBindings.gen.cpp Line: 37)

End Of Path Reached
 
(Filename: C:/buildslave/unity/build/artifacts/generated/common/runtime/UnityEngineDebugBindings.gen.cpp Line: 37)

Path Completed : Computation Time 0.00 ms Searched Nodes 2 Path Length 2
Path Number 157
 
(Filename: C:/buildslave/unity/build/artifacts/generated/common/runtime/UnityEngineDebugBindings.gen.cpp Line: 37)

Yay, we got a path back. Did it have an error? False
 
(Filename: C:/buildslave/unity/build/artifacts/generated/common/runtime/UnityEngineDebugBindings.gen.cpp Line: 37)

End Of Path Reached
 
(Filename: C:/buildslave/unity/build/artifacts/generated/common/runtime/UnityEngineDebugBindings.gen.cpp Line: 37)

Path Completed : Computation Time 0.00 ms Searched Nodes 2 Path Length 2
Path Number 158
 
(Filename: C:/buildslave/unity/build/artifacts/generated/common/runtime/UnityEngineDebugBindings.gen.cpp Line: 37)

Yay, we got a path back. Did it have an error? False
 
(Filename: C:/buildslave/unity/build/artifacts/generated/common/runtime/UnityEngineDebugBindings.gen.cpp Line: 37)

End Of Path Reached
 
(Filename: C:/buildslave/unity/build/artifacts/generated/common/runtime/UnityEngineDebugBindings.gen.cpp Line: 37)

Path Completed : Computation Time 0.00 ms Searched Nodes 2 Path Length 2
Path Number 159
 
(Filename: C:/buildslave/unity/build/artifacts/generated/common/runtime/UnityEngineDebugBindings.gen.cpp Line: 37)

Yay, we got a path back. Did it have an error? False
 
(Filename: C:/buildslave/unity/build/artifacts/generated/common/runtime/UnityEngineDebugBindings.gen.cpp Line: 37)

End Of Path Reached
 
(Filename: C:/buildslave/unity/build/artifacts/generated/common/runtime/UnityEngineDebugBindings.gen.cpp Line: 37)

Path Completed : Computation Time 0.00 ms Searched Nodes 2 Path Length 2
Path Number 160
 
(Filename: C:/buildslave/unity/build/artifacts/generated/common/runtime/UnityEngineDebugBindings.gen.cpp Line: 37)

Yay, we got a path back. Did it have an error? False
 
(Filename: C:/buildslave/unity/build/artifacts/generated/common/runtime/UnityEngineDebugBindings.gen.cpp Line: 37)

End Of Path Reached
 
(Filename: C:/buildslave/unity/build/artifacts/generated/common/runtime/UnityEngineDebugBindings.gen.cpp Line: 37)

Path Completed : Computation Time 0.00 ms Searched Nodes 2 Path Length 2
Path Number 161
 
(Filename: C:/buildslave/unity/build/artifacts/generated/common/runtime/UnityEngineDebugBindings.gen.cpp Line: 37)

Yay, we got a path back. Did it have an error? False
 
(Filename: C:/buildslave/unity/build/artifacts/generated/common/runtime/UnityEngineDebugBindings.gen.cpp Line: 37)

End Of Path Reached
 
(Filename: C:/buildslave/unity/build/artifacts/generated/common/runtime/UnityEngineDebugBindings.gen.cpp Line: 37)

Path Completed : Computation Time 0.00 ms Searched Nodes 2 Path Length 2
Path Number 162
 
(Filename: C:/buildslave/unity/build/artifacts/generated/common/runtime/UnityEngineDebugBindings.gen.cpp Line: 37)

Yay, we got a path back. Did it have an error? False
 
(Filename: C:/buildslave/unity/build/artifacts/generated/common/runtime/UnityEngineDebugBindings.gen.cpp Line: 37)

End Of Path Reached
 
(Filename: C:/buildslave/unity/build/artifacts/generated/common/runtime/UnityEngineDebugBindings.gen.cpp Line: 37)

Path Completed : Computation Time 0.00 ms Searched Nodes 2 Path Length 2
Path Number 163
 
(Filename: C:/buildslave/unity/build/artifacts/generated/common/runtime/UnityEngineDebugBindings.gen.cpp Line: 37)

Yay, we got a path back. Did it have an error? False
 
(Filename: C:/buildslave/unity/build/artifacts/generated/common/runtime/UnityEngineDebugBindings.gen.cpp Line: 37)

End Of Path Reached
 
(Filename: C:/buildslave/unity/build/artifacts/generated/common/runtime/UnityEngineDebugBindings.gen.cpp Line: 37)

Path Completed : Computation Time 0.00 ms Searched Nodes 2 Path Length 2
Path Number 164
 
(Filename: C:/buildslave/unity/build/artifacts/generated/common/runtime/UnityEngineDebugBindings.gen.cpp Line: 37)

Yay, we got a path back. Did it have an error? False
 
(Filename: C:/buildslave/unity/build/artifacts/generated/common/runtime/UnityEngineDebugBindings.gen.cpp Line: 37)

End Of Path Reached
 
(Filename: C:/buildslave/unity/build/artifacts/generated/common/runtime/UnityEngineDebugBindings.gen.cpp Line: 37)

Path Completed : Computation Time 0.00 ms Searched Nodes 2 Path Length 2
Path Number 165
 
(Filename: C:/buildslave/unity/build/artifacts/generated/common/runtime/UnityEngineDebugBindings.gen.cpp Line: 37)

Yay, we got a path back. Did it have an error? False
 
(Filename: C:/buildslave/unity/build/artifacts/generated/common/runtime/UnityEngineDebugBindings.gen.cpp Line: 37)

End Of Path Reached
 
(Filename: C:/buildslave/unity/build/artifacts/generated/common/runtime/UnityEngineDebugBindings.gen.cpp Line: 37)

Path Completed : Computation Time 0.00 ms Searched Nodes 2 Path Length 2
Path Number 166
 
(Filename: C:/buildslave/unity/build/artifacts/generated/common/runtime/UnityEngineDebugBindings.gen.cpp Line: 37)

Yay, we got a path back. Did it have an error? False
 
(Filename: C:/buildslave/unity/build/artifacts/generated/common/runtime/UnityEngineDebugBindings.gen.cpp Line: 37)

End Of Path Reached
 
(Filename: C:/buildslave/unity/build/artifacts/generated/common/runtime/UnityEngineDebugBindings.gen.cpp Line: 37)

Path Completed : Computation Time 0.00 ms Searched Nodes 2 Path Length 2
Path Number 167
 
(Filename: C:/buildslave/unity/build/artifacts/generated/common/runtime/UnityEngineDebugBindings.gen.cpp Line: 37)

Yay, we got a path back. Did it have an error? False
 
(Filename: C:/buildslave/unity/build/artifacts/generated/common/runtime/UnityEngineDebugBindings.gen.cpp Line: 37)

End Of Path Reached
 
(Filename: C:/buildslave/unity/build/artifacts/generated/common/runtime/UnityEngineDebugBindings.gen.cpp Line: 37)

Path Completed : Computation Time 0.00 ms Searched Nodes 2 Path Length 2
Path Number 168
 
(Filename: C:/buildslave/unity/build/artifacts/generated/common/runtime/UnityEngineDebugBindings.gen.cpp Line: 37)

Yay, we got a path back. Did it have an error? False
 
(Filename: C:/buildslave/unity/build/artifacts/generated/common/runtime/UnityEngineDebugBindings.gen.cpp Line: 37)

End Of Path Reached
 
(Filename: C:/buildslave/unity/build/artifacts/generated/common/runtime/UnityEngineDebugBindings.gen.cpp Line: 37)

Path Completed : Computation Time 0.00 ms Searched Nodes 2 Path Length 2
Path Number 169
 
(Filename: C:/buildslave/unity/build/artifacts/generated/common/runtime/UnityEngineDebugBindings.gen.cpp Line: 37)

Yay, we got a path back. Did it have an error? False
 
(Filename: C:/buildslave/unity/build/artifacts/generated/common/runtime/UnityEngineDebugBindings.gen.cpp Line: 37)

End Of Path Reached
 
(Filename: C:/buildslave/unity/build/artifacts/generated/common/runtime/UnityEngineDebugBindings.gen.cpp Line: 37)

Path Completed : Computation Time 0.00 ms Searched Nodes 2 Path Length 2
Path Number 170
 
(Filename: C:/buildslave/unity/build/artifacts/generated/common/runtime/UnityEngineDebugBindings.gen.cpp Line: 37)

Yay, we got a path back. Did it have an error? False
 
(Filename: C:/buildslave/unity/build/artifacts/generated/common/runtime/UnityEngineDebugBindings.gen.cpp Line: 37)

End Of Path Reached
 
(Filename: C:/buildslave/unity/build/artifacts/generated/common/runtime/UnityEngineDebugBindings.gen.cpp Line: 37)

Path Completed : Computation Time 0.00 ms Searched Nodes 2 Path Length 2
Path Number 171
 
(Filename: C:/buildslave/unity/build/artifacts/generated/common/runtime/UnityEngineDebugBindings.gen.cpp Line: 37)

Yay, we got a path back. Did it have an error? False
 
(Filename: C:/buildslave/unity/build/artifacts/generated/common/runtime/UnityEngineDebugBindings.gen.cpp Line: 37)

End Of Path Reached
 
(Filename: C:/buildslave/unity/build/artifacts/generated/common/runtime/UnityEngineDebugBindings.gen.cpp Line: 37)

Path Completed : Computation Time 0.00 ms Searched Nodes 2 Path Length 2
Path Number 172
 
(Filename: C:/buildslave/unity/build/artifacts/generated/common/runtime/UnityEngineDebugBindings.gen.cpp Line: 37)

Yay, we got a path back. Did it have an error? False
 
(Filename: C:/buildslave/unity/build/artifacts/generated/common/runtime/UnityEngineDebugBindings.gen.cpp Line: 37)

End Of Path Reached
 
(Filename: C:/buildslave/unity/build/artifacts/generated/common/runtime/UnityEngineDebugBindings.gen.cpp Line: 37)

Path Completed : Computation Time 0.00 ms Searched Nodes 2 Path Length 2
Path Number 173
 
(Filename: C:/buildslave/unity/build/artifacts/generated/common/runtime/UnityEngineDebugBindings.gen.cpp Line: 37)

Yay, we got a path back. Did it have an error? False
 
(Filename: C:/buildslave/unity/build/artifacts/generated/common/runtime/UnityEngineDebugBindings.gen.cpp Line: 37)

End Of Path Reached
 
(Filename: C:/buildslave/unity/build/artifacts/generated/common/runtime/UnityEngineDebugBindings.gen.cpp Line: 37)

Path Completed : Computation Time 0.00 ms Searched Nodes 2 Path Length 2
Path Number 174
 
(Filename: C:/buildslave/unity/build/artifacts/generated/common/runtime/UnityEngineDebugBindings.gen.cpp Line: 37)

Yay, we got a path back. Did it have an error? False
 
(Filename: C:/buildslave/unity/build/artifacts/generated/common/runtime/UnityEngineDebugBindings.gen.cpp Line: 37)

End Of Path Reached
 
(Filename: C:/buildslave/unity/build/artifacts/generated/common/runtime/UnityEngineDebugBindings.gen.cpp Line: 37)

Path Completed : Computation Time 0.00 ms Searched Nodes 2 Path Length 2
Path Number 175
 
(Filename: C:/buildslave/unity/build/artifacts/generated/common/runtime/UnityEngineDebugBindings.gen.cpp Line: 37)

Yay, we got a path back. Did it have an error? False
 
(Filename: C:/buildslave/unity/build/artifacts/generated/common/runtime/UnityEngineDebugBindings.gen.cpp Line: 37)

End Of Path Reached
 
(Filename: C:/buildslave/unity/build/artifacts/generated/common/runtime/UnityEngineDebugBindings.gen.cpp Line: 37)

Path Completed : Computation Time 0.00 ms Searched Nodes 2 Path Length 2
Path Number 176
 
(Filename: C:/buildslave/unity/build/artifacts/generated/common/runtime/UnityEngineDebugBindings.gen.cpp Line: 37)

Yay, we got a path back. Did it have an error? False
 
(Filename: C:/buildslave/unity/build/artifacts/generated/common/runtime/UnityEngineDebugBindings.gen.cpp Line: 37)

End Of Path Reached
 
(Filename: C:/buildslave/unity/build/artifacts/generated/common/runtime/UnityEngineDebugBindings.gen.cpp Line: 37)

Path Completed : Computation Time 0.00 ms Searched Nodes 2 Path Length 2
Path Number 177
 
(Filename: C:/buildslave/unity/build/artifacts/generated/common/runtime/UnityEngineDebugBindings.gen.cpp Line: 37)

Yay, we got a path back. Did it have an error? False
 
(Filename: C:/buildslave/unity/build/artifacts/generated/common/runtime/UnityEngineDebugBindings.gen.cpp Line: 37)

End Of Path Reached
 
(Filename: C:/buildslave/unity/build/artifacts/generated/common/runtime/UnityEngineDebugBindings.gen.cpp Line: 37)

Path Completed : Computation Time 0.00 ms Searched Nodes 2 Path Length 2
Path Number 178
 
(Filename: C:/buildslave/unity/build/artifacts/generated/common/runtime/UnityEngineDebugBindings.gen.cpp Line: 37)

Yay, we got a path back. Did it have an error? False
 
(Filename: C:/buildslave/unity/build/artifacts/generated/common/runtime/UnityEngineDebugBindings.gen.cpp Line: 37)

End Of Path Reached
 
(Filename: C:/buildslave/unity/build/artifacts/generated/common/runtime/UnityEngineDebugBindings.gen.cpp Line: 37)

Path Completed : Computation Time 0.00 ms Searched Nodes 2 Path Length 2
Path Number 179
 
(Filename: C:/buildslave/unity/build/artifacts/generated/common/runtime/UnityEngineDebugBindings.gen.cpp Line: 37)

Yay, we got a path back. Did it have an error? False
 
(Filename: C:/buildslave/unity/build/artifacts/generated/common/runtime/UnityEngineDebugBindings.gen.cpp Line: 37)

End Of Path Reached
 
(Filename: C:/buildslave/unity/build/artifacts/generated/common/runtime/UnityEngineDebugBindings.gen.cpp Line: 37)

Path Completed : Computation Time 0.00 ms Searched Nodes 2 Path Length 2
Path Number 180
 
(Filename: C:/buildslave/unity/build/artifacts/generated/common/runtime/UnityEngineDebugBindings.gen.cpp Line: 37)

Yay, we got a path back. Did it have an error? False
 
(Filename: C:/buildslave/unity/build/artifacts/generated/common/runtime/UnityEngineDebugBindings.gen.cpp Line: 37)

End Of Path Reached
 
(Filename: C:/buildslave/unity/build/artifacts/generated/common/runtime/UnityEngineDebugBindings.gen.cpp Line: 37)

Path Completed : Computation Time 0.00 ms Searched Nodes 2 Path Length 2
Path Number 181
 
(Filename: C:/buildslave/unity/build/artifacts/generated/common/runtime/UnityEngineDebugBindings.gen.cpp Line: 37)

Yay, we got a path back. Did it have an error? False
 
(Filename: C:/buildslave/unity/build/artifacts/generated/common/runtime/UnityEngineDebugBindings.gen.cpp Line: 37)

End Of Path Reached
 
(Filename: C:/buildslave/unity/build/artifacts/generated/common/runtime/UnityEngineDebugBindings.gen.cpp Line: 37)

Path Completed : Computation Time 0.00 ms Searched Nodes 2 Path Length 2
Path Number 182
 
(Filename: C:/buildslave/unity/build/artifacts/generated/common/runtime/UnityEngineDebugBindings.gen.cpp Line: 37)

Yay, we got a path back. Did it have an error? False
 
(Filename: C:/buildslave/unity/build/artifacts/generated/common/runtime/UnityEngineDebugBindings.gen.cpp Line: 37)

End Of Path Reached
 
(Filename: C:/buildslave/unity/build/artifacts/generated/common/runtime/UnityEngineDebugBindings.gen.cpp Line: 37)

Path Completed : Computation Time 0.00 ms Searched Nodes 2 Path Length 2
Path Number 183
 
(Filename: C:/buildslave/unity/build/artifacts/generated/common/runtime/UnityEngineDebugBindings.gen.cpp Line: 37)

Yay, we got a path back. Did it have an error? False
 
(Filename: C:/buildslave/unity/build/artifacts/generated/common/runtime/UnityEngineDebugBindings.gen.cpp Line: 37)

End Of Path Reached
 
(Filename: C:/buildslave/unity/build/artifacts/generated/common/runtime/UnityEngineDebugBindings.gen.cpp Line: 37)

Path Completed : Computation Time 0.00 ms Searched Nodes 2 Path Length 2
Path Number 184
 
(Filename: C:/buildslave/unity/build/artifacts/generated/common/runtime/UnityEngineDebugBindings.gen.cpp Line: 37)

Yay, we got a path back. Did it have an error? False
 
(Filename: C:/buildslave/unity/build/artifacts/generated/common/runtime/UnityEngineDebugBindings.gen.cpp Line: 37)

NullReferenceException: Object reference not set to an instance of an object
  at AstarAI.Start () [0x00000] in <filename unknown>:0 
 
(Filename:  Line: -1)

NullReferenceException: Object reference not set to an instance of an object
  at AstarAI.Start () [0x00000] in <filename unknown>:0 
  at AstarAI.Update () [0x00000] in <filename unknown>:0 
 
(Filename:  Line: -1)

End Of Path Reached
 
(Filename: C:/buildslave/unity/build/artifacts/generated/common/runtime/UnityEngineDebugBindings.gen.cpp Line: 37)

NullReferenceException: Object reference not set to an instance of an object
  at AstarAI.Start () [0x00000] in <filename unknown>:0 
  at AstarAI.Update () [0x00000] in <filename unknown>:0 
 
(Filename:  Line: -1)

Path Completed : Computation Time 0.00 ms Searched Nodes 2 Path Length 2
Path Number 185
 
(Filename: C:/buildslave/unity/build/artifacts/generated/common/runtime/UnityEngineDebugBindings.gen.cpp Line: 37)

Yay, we got a path back. Did it have an error? False
 
(Filename: C:/buildslave/unity/build/artifacts/generated/common/runtime/UnityEngineDebugBindings.gen.cpp Line: 37)

NullReferenceException: Object reference not set to an instance of an object
  at AstarAI.Start () [0x00000] in <filename unknown>:0 
  at AstarAI.Update () [0x00000] in <filename unknown>:0 
 
(Filename:  Line: -1)

NullReferenceException: Object reference not set to an instance of an object
  at AstarAI.Start () [0x00000] in <filename unknown>:0 
  at AstarAI.Update () [0x00000] in <filename unknown>:0 
 
(Filename:  Line: -1)

NullReferenceException: Object reference not set to an instance of an object
  at AstarAI.Start () [0x00000] in <filename unknown>:0 
  at AstarAI.Update () [0x00000] in <filename unknown>:0 
 
(Filename:  Line: -1)

NullReferenceException: Object reference not set to an instance of an object
  at AstarAI.Start () [0x00000] in <filename unknown>:0 
  at AstarAI.Update () [0x00000] in <filename unknown>:0 
 
(Filename:  Line: -1)

NullReferenceException: Object reference not set to an instance of an object
  at AstarAI.Start () [0x00000] in <filename unknown>:0 
  at AstarAI.Update () [0x00000] in <filename unknown>:0 
 
(Filename:  Line: -1)

NullReferenceException: Object reference not set to an instance of an object
  at AstarAI.Start () [0x00000] in <filename unknown>:0 
  at AstarAI.Update () [0x00000] in <filename unknown>:0 
 
(Filename:  Line: -1)

NullReferenceException: Object reference not set to an instance of an object
  at AstarAI.Start () [0x00000] in <filename unknown>:0 
  at AstarAI.Update () [0x00000] in <filename unknown>:0 
 
(Filename:  Line: -1)

NullReferenceException: Object reference not set to an instance of an object
  at AstarAI.Start () [0x00000] in <filename unknown>:0 
  at AstarAI.Update () [0x00000] in <filename unknown>:0 
 
(Filename:  Line: -1)

NullReferenceException: Object reference not set to an instance of an object
  at AstarAI.Start () [0x00000] in <filename unknown>:0 
  at AstarAI.Update () [0x00000] in <filename unknown>:0 
 
(Filename:  Line: -1)

NullReferenceException: Object reference not set to an instance of an object
  at AstarAI.Start () [0x00000] in <filename unknown>:0 
  at AstarAI.Update () [0x00000] in <filename unknown>:0 
 
(Filename:  Line: -1)

NullReferenceException: Object reference not set to an instance of an object
  at AstarAI.Start () [0x00000] in <filename unknown>:0 
  at AstarAI.Update () [0x00000] in <filename unknown>:0 
 
(Filename:  Line: -1)

NullReferenceException: Object reference not set to an instance of an object
  at AstarAI.Start () [0x00000] in <filename unknown>:0 
  at AstarAI.Update () [0x00000] in <filename unknown>:0 
 
(Filename:  Line: -1)

NullReferenceException: Object reference not set to an instance of an object
  at AstarAI.Start () [0x00000] in <filename unknown>:0 
  at AstarAI.Update () [0x00000] in <filename unknown>:0 
 
(Filename:  Line: -1)

NullReferenceException: Object reference not set to an instance of an object
  at AstarAI.Start () [0x00000] in <filename unknown>:0 
  at AstarAI.Update () [0x00000] in <filename unknown>:0 
 
(Filename:  Line: -1)

NullReferenceException: Object reference not set to an instance of an object
  at AstarAI.Start () [0x00000] in <filename unknown>:0 
  at AstarAI.Update () [0x00000] in <filename unknown>:0 
 
(Filename:  Line: -1)

NullReferenceException: Object reference not set to an instance of an object
  at AstarAI.Start () [0x00000] in <filename unknown>:0 
  at AstarAI.Update () [0x00000] in <filename unknown>:0 
 
(Filename:  Line: -1)

NullReferenceException: Object reference not set to an instance of an object
  at AstarAI.Start () [0x00000] in <filename unknown>:0 
  at AstarAI.Update () [0x00000] in <filename unknown>:0 
 
(Filename:  Line: -1)

NullReferenceException: Object reference not set to an instance of an object
  at AstarAI.Start () [0x00000] in <filename unknown>:0 
  at AstarAI.Update () [0x00000] in <filename unknown>:0 
 
(Filename:  Line: -1)

NullReferenceException: Object reference not set to an instance of an object
  at AstarAI.Start () [0x00000] in <filename unknown>:0 
  at AstarAI.Update () [0x00000] in <filename unknown>:0 
 
(Filename:  Line: -1)

NullReferenceException: Object reference not set to an instance of an object
  at AstarAI.Start () [0x00000] in <filename unknown>:0 
  at AstarAI.Update () [0x00000] in <filename unknown>:0 
 
(Filename:  Line: -1)

NullReferenceException: Object reference not set to an instance of an object
  at AstarAI.Start () [0x00000] in <filename unknown>:0 
  at AstarAI.Update () [0x00000] in <filename unknown>:0 
 
(Filename:  Line: -1)

NullReferenceException: Object reference not set to an instance of an object
  at AstarAI.Start () [0x00000] in <filename unknown>:0 
  at AstarAI.Update () [0x00000] in <filename unknown>:0 
 
(Filename:  Line: -1)

NullReferenceException: Object reference not set to an instance of an object
  at AstarAI.Start () [0x00000] in <filename unknown>:0 
  at AstarAI.Update () [0x00000] in <filename unknown>:0 
 
(Filename:  Line: -1)

NullReferenceException: Object reference not set to an instance of an object
  at AstarAI.Start () [0x00000] in <filename unknown>:0 
  at AstarAI.Update () [0x00000] in <filename unknown>:0 
 
(Filename:  Line: -1)

NullReferenceException: Object reference not set to an instance of an object
  at AstarAI.Start () [0x00000] in <filename unknown>:0 
  at AstarAI.Update () [0x00000] in <filename unknown>:0 
 
(Filename:  Line: -1)

NullReferenceException: Object reference not set to an instance of an object
  at AstarAI.Start () [0x00000] in <filename unknown>:0 
  at AstarAI.Update () [0x00000] in <filename unknown>:0 
 
(Filename:  Line: -1)

NullReferenceException: Object reference not set to an instance of an object
  at AstarAI.Start () [0x00000] in <filename unknown>:0 
  at AstarAI.Update () [0x00000] in <filename unknown>:0 
 
(Filename:  Line: -1)

NullReferenceException: Object reference not set to an instance of an object
  at AstarAI.Start () [0x00000] in <filename unknown>:0 
  at AstarAI.Update () [0x00000] in <filename unknown>:0 
 
(Filename:  Line: -1)

NullReferenceException: Object reference not set to an instance of an object
  at AstarAI.Start () [0x00000] in <filename unknown>:0 
  at AstarAI.Update () [0x00000] in <filename unknown>:0 
 
(Filename:  Line: -1)

NullReferenceException: Object reference not set to an instance of an object
  at AstarAI.Start () [0x00000] in <filename unknown>:0 
  at AstarAI.Update () [0x00000] in <filename unknown>:0 
 
(Filename:  Line: -1)

NullReferenceException: Object reference not set to an instance of an object
  at AstarAI.Start () [0x00000] in <filename unknown>:0 
  at AstarAI.Update () [0x00000] in <filename unknown>:0 
 
(Filename:  Line: -1)

NullReferenceException: Object reference not set to an instance of an object
  at AstarAI.Start () [0x00000] in <filename unknown>:0 
  at AstarAI.Update () [0x00000] in <filename unknown>:0 
 
(Filename:  Line: -1)

NullReferenceException: Object reference not set to an instance of an object
  at AstarAI.Start () [0x00000] in <filename unknown>:0 
  at AstarAI.Update () [0x00000] in <filename unknown>:0 
 
(Filename:  Line: -1)

NullReferenceException: Object reference not set to an instance of an object
  at AstarAI.Start () [0x00000] in <filename unknown>:0 
  at AstarAI.Update () [0x00000] in <filename unknown>:0 
 
(Filename:  Line: -1)

NullReferenceException: Object reference not set to an instance of an object
  at AstarAI.Start () [0x00000] in <filename unknown>:0 
  at AstarAI.Update () [0x00000] in <filename unknown>:0 
 
(Filename:  Line: -1)

NullReferenceException: Object reference not set to an instance of an object
  at AstarAI.Start () [0x00000] in <filename unknown>:0 
  at AstarAI.Update () [0x00000] in <filename unknown>:0 
 
(Filename:  Line: -1)

NullReferenceException: Object reference not set to an instance of an object
  at AstarAI.Start () [0x00000] in <filename unknown>:0 
  at AstarAI.Update () [0x00000] in <filename unknown>:0 
 
(Filename:  Line: -1)

NullReferenceException: Object reference not set to an instance of an object
  at AstarAI.Start () [0x00000] in <filename unknown>:0 
  at AstarAI.Update () [0x00000] in <filename unknown>:0 
 
(Filename:  Line: -1)

NullReferenceException: Object reference not set to an instance of an object
  at AstarAI.Start () [0x00000] in <filename unknown>:0 
  at AstarAI.Update () [0x00000] in <filename unknown>:0 
 
(Filename:  Line: -1)

NullReferenceException: Object reference not set to an instance of an object
  at AstarAI.Start () [0x00000] in <filename unknown>:0 
  at AstarAI.Update () [0x00000] in <filename unknown>:0 
 
(Filename:  Line: -1)

NullReferenceException: Object reference not set to an instance of an object
  at AstarAI.Start () [0x00000] in <filename unknown>:0 
  at AstarAI.Update () [0x00000] in <filename unknown>:0 
 
(Filename:  Line: -1)

NullReferenceException: Object reference not set to an instance of an object
  at AstarAI.Start () [0x00000] in <filename unknown>:0 
  at AstarAI.Update () [0x00000] in <filename unknown>:0 
 
(Filename:  Line: -1)

NullReferenceException: Object reference not set to an instance of an object
  at AstarAI.Start () [0x00000] in <filename unknown>:0 
  at AstarAI.Update () [0x00000] in <filename unknown>:0 
 
(Filename:  Line: -1)

NullReferenceException: Object reference not set to an instance of an object
  at AstarAI.Start () [0x00000] in <filename unknown>:0 
  at AstarAI.Update () [0x00000] in <filename unknown>:0 
 
(Filename:  Line: -1)

NullReferenceException: Object reference not set to an instance of an object
  at AstarAI.Start () [0x00000] in <filename unknown>:0 
  at AstarAI.Update () [0x00000] in <filename unknown>:0 
 
(Filename:  Line: -1)

NullReferenceException: Object reference not set to an instance of an object
  at AstarAI.Start () [0x00000] in <filename unknown>:0 
  at AstarAI.Update () [0x00000] in <filename unknown>:0 
 
(Filename:  Line: -1)

NullReferenceException: Object reference not set to an instance of an object
  at AstarAI.Start () [0x00000] in <filename unknown>:0 
  at AstarAI.Update () [0x00000] in <filename unknown>:0 
 
(Filename:  Line: -1)

NullReferenceException: Object reference not set to an instance of an object
  at AstarAI.Start () [0x00000] in <filename unknown>:0 
  at AstarAI.Update () [0x00000] in <filename unknown>:0 
 
(Filename:  Line: -1)

NullReferenceException: Object reference not set to an instance of an object
  at AstarAI.Start () [0x00000] in <filename unknown>:0 
  at AstarAI.Update () [0x00000] in <filename unknown>:0 
 
(Filename:  Line: -1)

NullReferenceException: Object reference not set to an instance of an object
  at AstarAI.Start () [0x00000] in <filename unknown>:0 
  at AstarAI.Update () [0x00000] in <filename unknown>:0 
 
(Filename:  Line: -1)

NullReferenceException: Object reference not set to an instance of an object
  at AstarAI.Start () [0x00000] in <filename unknown>:0 
  at AstarAI.Update () [0x00000] in <filename unknown>:0 
 
(Filename:  Line: -1)

NullReferenceException: Object reference not set to an instance of an object
  at AstarAI.Start () [0x00000] in <filename unknown>:0 
  at AstarAI.Update () [0x00000] in <filename unknown>:0 
 
(Filename:  Line: -1)

NullReferenceException: Object reference not set to an instance of an object
  at AstarAI.Start () [0x00000] in <filename unknown>:0 
  at AstarAI.Update () [0x00000] in <filename unknown>:0 
 
(Filename:  Line: -1)

NullReferenceException: Object reference not set to an instance of an object
  at AstarAI.Start () [0x00000] in <filename unknown>:0 
  at AstarAI.Update () [0x00000] in <filename unknown>:0 
 
(Filename:  Line: -1)

NullReferenceException: Object reference not set to an instance of an object
  at AstarAI.Start () [0x00000] in <filename unknown>:0 
  at AstarAI.Update () [0x00000] in <filename unknown>:0 
 
(Filename:  Line: -1)

NullReferenceException: Object reference not set to an instance of an object
  at AstarAI.Start () [0x00000] in <filename unknown>:0 
  at AstarAI.Update () [0x00000] in <filename unknown>:0 
 
(Filename:  Line: -1)

NullReferenceException: Object reference not set to an instance of an object
  at AstarAI.Start () [0x00000] in <filename unknown>:0 
  at AstarAI.Update () [0x00000] in <filename unknown>:0 
 
(Filename:  Line: -1)

NullReferenceException: Object reference not set to an instance of an object
  at AstarAI.Start () [0x00000] in <filename unknown>:0 
  at AstarAI.Update () [0x00000] in <filename unknown>:0 
 
(Filename:  Line: -1)

